Re:ゼロ　Trio-Tri-iT Figure −レム・プライズメイド−
ゲーマーズ　本まつり　インスタントフォト風ランダムブロマイド　リゼロ　エミリア
リゼロ レム ラム 缶バッジ 他 Re:ゼロから始める異世界生活
Re:ゼロから始まる異世界生活 レム プライズフィギュア
リゼロ ラム ゲーマーズ冬の本まつり インスタントフォト風ランダムブロマイド
Re:ゼロから始める異世界生活 アニメ声優直筆サイン色紙 リゼロ
渋スク 氷結のエミリア -Crystal Dress Ver-
Re:ゼロから始める異世界生活 Yumemirize エミリア~もふもふパック~
リゼロ　レム　セット
Re:ゼロ アクリルスタンド レム エキドナ
新品 Re:ゼロ リゼロ クリームソーダフィギュア 2体セット レム＆ラム
劇場版 Re:ゼロから始める異世界生活 氷結の絆 缶バッジ レム ラム エミリア
リゼロ エキドナ ゲーマーズ冬の本まつり インスタントフォト風ランダムブロマイド
リゼロ レム もちもち筒型マスコット Re:ゼロから始める異世界生活 ぬいぐるみ
新品 Re:ゼロから始める異世界生活 メガジャンボ寝そべりぬいぐるみ レム
リゼロ レム ゲーマーズ冬の本まつり インスタントフォト風ランダムブロマイド
popup parade リゼロ　レム　ラム
Re:ゼロから始める異世界生活 リゼロ ウエハース エミリア
リゼロ レム クリアファイルセット
Re:ゼロ アクリルキーホルダー 2種セット
Re:ゼロ Yumemiruize レム ラム
Re:ゼロ レム フィギュア 7体セット　re:ゼロから始める異世界生活
リゼロ ゲーマーズ特典ランブロ ラインハルト
Re:ゼロ レム フィギュア 〜貴方に勇気を〜
エキドナ スリーブ Re:ゼロから始める異世界生活 リゼロ　r-c
Re:ゼロから始める異世界生活
★Re:ゼロから始める異世界生活 アクリルストラップセット
リゼロ アートスケールフィギュア ラム・エキドナ 2体セット
Re:ゼロから始める異世界生活 万博 アニメフードフェス カード ラインハルト
Re:ゼロ Yumerinize エミリア レム ラム
BANDAI Re:ゼロ ラム フィギュア
リゼロ 缶バッジ エミリア Re:ゼロから始める異世界生活 ちょいデカ缶バッジ
Re:ゼロから始める異世界生活 リゼロ ani-art 　レム　ラム　2点セット
WJ801  セガ Re:ゼロから始める異世界生活 プレミアムフィギュア レム curtsey  Y030
リゼロ ベアトリス Doragon-Dress Ver. フィギュア チャイナ
Re:ゼロから始める異世界生活 長財布 レムちゃん
re:ゼロから始める異世界生活　レム　クッション　まとめ売り　リゼロ　アニメ
リゼロ　ラバーストラップ　キーホルダー　セット
レム キーホルダー
Re:ゼロ レム フィギュア
プライズフィギュア　リゼロ　まとめ売り
リゼロ フォト風ブロマイド ゲーマーズ本まつり 特典 リゼロ 特典 ブロマイド
Re:ゼロから始める異世界生活 異世界学園生活 アクリルスタンド ユリウス
Re:ゼロから始める異世界生活 リゼロ 卓上 万年アクリルカレンダー
リゼロ SEGA エミリア Aqua Ver. フィギュア
未開封　Re:ゼロから始める異世界生活　妖精花衣 ラム　フィギュア
希少品 Re:ゼロ エミリア アクリルLEDランプ 台座付き 多色ライト
リゼロトレーディングカードレア箱押し2種
Re:ゼロ ほろ甘ハッピーライフ！アクリルスタンド　エキドナ
未使用△Re:ゼロから始める異世界生活 リゼロ レム ぬいぐるみ 約20.0cm
スマイルスライム ガラスの保存容器 S
ぎゅぎゅっとアクリルキーホルダー Part2 東方Project/東風谷 早苗
ゆらゆらアクリルスタンド「ピアプロキャラクターズ」08/鏡音リン ピクニックver.（グラフアートイラスト）
スマイルスライム キングスライムのおおきなゆらゆらグラス
初音ミクシリーズ アクリルスタンド/レジャフェス B 鏡音リン
五等分の花嫁＊ デカアクリルスタンド 一花 アニマルパーカー ver.
クリアファイル グリッドマン ユニバース/宝多 六花 ゆめかわver.
劇場版「Fate/kaleid liner プリズマ☆イリヤ Licht 名前の無い少女」 描き下ろしデッキケース（イリヤ/バニーメイド）
アニメ「デート・ア・ライブV」 描き下ろし 夜刀神十香 踊り子ver. BIGアクリルスタンド
ぎゅぎゅっとアクリルキーホルダー Part2 東方Project/射命丸 文
アクリルスタンドプレート「グリッドマンユニバース」13/南夢芽&飛鳥川ちせ 巫女服ver.（描き下ろしイラスト）
アクリルスタンド「ローゼンメイデン Art by ようか」20/真紅（描き起こしイラスト）
グリッドマン ユニバース Dreamy Divas Ver. BIGアクリルスタンド 南夢芽
レーシングミク KYOJO VITA 2025Ver. コインケース
鏡音リン アクリルつままれ
アクリルスタンド「ローゼンメイデン Art by ようか」17/金糸雀（描き起こしイラスト）
スライド式小物ケース「初音ミク×クッピーラムネ」05/MEIKO×ラム（等身イラスト）
レーシングミク 2025 JCL TEAM UKYO 応援Ver. アクリルペンスタンド
アクリルスタンド「あるてら×サンリオキャラクターズ」04/クロミ（コラボイラスト）
東方LostWord PUレザーパスケース 聖白蓮（身体健勝の魔法使い）
プロジェクトセカイ カラフルステージ! feat.初音ミク ステッカー 鏡音リン
キャラクター・ボーカル・シリーズ01 初音ミク ふわふわシリーズ お団子マスコットストラップ 1
初音ミク OUTDOOR COOKING フェイスタオル
ぎゅぎゅっとアクリルキーホルダー Part2 東方Project/鈴仙・優曇華院・イナバ
アクリルスタンド 地縛少年花子くん/源 光 Cyber-MOKKE world
地縛少年花子くん ダイカットステッカー 源 光（デフォルメキャラ）
TVアニメ『よふかしのうた Season2』 アクリルキーリングハンガー
桜ミク 描き下ろし 桜ミク アメリカンダイナーver. Art by ふーみ BIGアクリルスタンド
初音ミクシリーズ レコード風キーホルダー/レジャフェス B 鏡音リン
『デート・ア・ライブ』狂三バースデー2025 アクリルスタンド
アクリルスタンド「館田ダン×サンリオキャラクターズ」05/クロミ（コラボイラスト）
アイカツ！あかりGeneration×マリオンクレープ 描き下ろしアクリルスタンド 新条ひなき
ぼっち・ざ・ろっく！ 後藤ひとり パスケース(ナスカン付き)
レーシングミク KYOJO VITA 2025Ver. ナンバープレート風キーホルダー
地縛少年花子くん クリアファイル 源光
初音ミク 太軸ボールペン 鏡音リン レトロ☆神戸2025
ぎゅぎゅっとミニスタンド Part2 東方Project/東風谷 早苗
東方Project シングルクリアファイル 博麗霊夢 2025春
「劇場版プロジェクトセカイ 壊れたセカイと歌えないミク」 2ポケットクリアファイル “誰もいないセカイの初音ミク”
ぎゅぎゅっとミニスタンド Part2 東方Project/博麗 霊夢
『ラブライブ！スーパースター！！』アクリルスタンド Ver.Valentine2025 平安名 すみれ
レーシングミク 2025 JCL TEAM UKYO 応援Ver. フェイスタオル
初音ミク アクリルキーホルダー 鏡音リン レトロ☆神戸2025
チャッキー アクリルキーチェーンBIG ボックス
ねんどろいど 初音ミク 100番記念展示会 クリアファイル
カードキャプターさくら クリアカード編 クリアファイル デザイン04（木之本 桜/D）
鏡音レン アクリルピョコッテ
東方Project レミリア・スカーレット パスケース（ナスカン付き） illust:えれっと
お兄ちゃんはおしまい！ 描き下ろしアクリルフィギュア 緒山まひろ
桜ミク 描き下ろし 鏡音レン アメリカンダイナーver. Art by ふーみ アクリルカード2枚セット
プロジェクトセカイ カラフルステージ! feat.初音ミク ステッカー 鏡音レン
五等分の花嫁＊ アクリルスタンド（二乃） ＜納涼Style＞
アクリルスタンド「IA/OИE/HIPPI」02/OИE お祝いver.（描き起こしイラスト）
地縛少年花子くん ダイカットステッカー 八尋寧々（デフォルメキャラ）
学園アイドルマスター デカアクリルスタンド 倉本千奈 sunflower ver.
【XLサイズ】初音ミク OUTDOOR COOKING Tシャツ XL
アクリルスタンド「アイカツアカデミー！」03/和央パリン 梅雨ver.（撮り下ろし）
劇場版「Fate/kaleid liner プリズマ☆イリヤ Licht 名前の無い少女」 描き下ろしスリーブ（美遊/巫女）
初音ミク アクリルキーホルダー KAITO レトロ☆神戸2025
日々は過ぎれど飯うまし アクリルキャラスタンド 星なな ミニver.
初音ミクシリーズ アクリルスタンド/D 巡音ルカ メイド&執事
レーシングミク 2025 JCL TEAM UKYO 応援 ちょこぷに Ver. スマホリング
地縛少年花子くん アクリルスタンド（全身Ver） 源光
CONC-CO470 缶バッジストックBOX
初音ミク 太軸ボールペン 初音ミク マリン☆神戸2025
東方LostWord ボールペン アリス・マーガトロイド（無魔成満の魔法使い）
カードキャプターさくら クリアカード編 クリアファイル デザイン05（木之本 桜/E）
東方Project シングルクリアファイル 霧雨魔理沙 2025春
劇場版「Fate/kaleid liner プリズマ☆イリヤ Licht 名前の無い少女」 描き下ろしスリーブ（美遊/バニーメイド）
ぎゅぎゅっとミニスタンド Part2 東方Project/鈴仙・優曇華院・イナバ
家庭教師ヒットマンREBORN！ アクリルスタンド 雲雀 恭弥 英国ファッション
東方Project フランドール・スカーレット パスケース（ナスカン付き） illust:なつめえり
五等分の花嫁＊ アクリルスタンド（一花） ＜納涼Style＞
桜ミク 描き下ろし KAITO アメリカンダイナーver. Art by ふーみ BIGアクリルスタンド
初音ミク 太軸ボールペン 巡音ルカ レトロ☆神戸2025
アクリルスタンド「館田ダン×サンリオキャラクターズ」04/シナモロール（コラボイラスト）
カードキャプターさくら ミニメモ-空模様-（A.さくらA）
レーシングミク 2025 15th ”Rhapsody” Ver. アクリルコースター
【メール便】エスターバニー ダイカットシール ダイカットステッカー カフェ フタバ デコシール キャラクター グッズ
初音ミク OUTDOOR COOKING カレー専用スプーン
アクリルスタンド「TVアニメ『小市民シリーズ』」13/小佐内ゆき 夏私服ver.（描き下ろしイラスト）
【メール便】エスターバニー ポストカード クリアカード ベッドルーム フタバ プレゼント キャラクター グッズ
ブシロード スリーブコレクション ハイグレード Vol.4855 ブルーアーカイブ『コハル』
きゃらスリーブコレクション マットシリーズグランブルーファンタジー レ・フィーエ（No.MT2075）
ファイナルファンタジーシリーズ Tシャツ モーグリ
ぼっち・ざ・ろっく！ 注意ステッカー 絵柄F
初音ミクGTプロジェクト 1/64 グッドスマイル 初音ミク AMG 2025 Presentation Ver.
戦姫絶唱シンフォギアXV 描き下ろし アクリルスタンド【雪音 クリス】小悪魔ウェイトレス
劇場版「オーバーロード」聖王国編 アルベド 屋外対応ステッカー
初音ミク アクリルスタンド akiba culture fashion 巡音ルカ
『ゆるキャン△』 なでしこ＆リン 屋外対応ステッカー
【メール便】エスターバニー ダイカットシール ダイカットステッカー フラワー フタバ デコシール キャラクター グッズ
KAITO アクリルつままれ
キャラクリアケース「necomi×サンリオキャラクターズ」03/タキシードサム（コラボイラスト）
レーシングミク 15th "Rhapsody" 2010-2025 BIG缶バッジ
ラブライブ！スーパースター！！ 湯めぐりタイム with Liella！ アクリルスタンド ウィーン・マルガレーテ
日々は過ぎれど飯うまし アクリルキャラスタンド 河合まこ ミニver.
お兄ちゃんはおしまい！ スリーブ（緒山まひろ/ゴシック）
TVアニメ『よふかしのうた Season2』 ステンレスサーモタンブラー
アニメ「デート・ア・ライブV」 描き下ろし 星宮六喰 踊り子ver. BIGアクリルスタンド
TVアニメ「お兄ちゃんはおしまい！」描き下ろしBIGアクリルスタンド【おふろあがりver.】（4）穂月もみじ
学園アイドルマスター 描き下ろしアクリルスタンド_姫崎莉波
勝利の女神：NIKKE イラストスリーブNT バイパー
志乃と恋 つながるデカアクリルスタンド 恋 魔法少女 ver.
学園アイドルマスター 描き下ろしアクリルスタンド_藤田ことね
学園アイドルマスター 描き下ろしアクリルスタンド_月村手毬
デート・ア・ライブV ミニアクリルアート 四糸乃 12周年ランジェリー ver.
アイカツ！ 10th STORY ～未来へのSTARWAY～ 描き下ろし 神崎美月 チャイナドレスver. BIGアクリルスタンド
五等分の花嫁＊ BIGアクリルスタンド （ジャージメイド ver.） 中野 五月
桜ミク 鏡音レン ちびキャラ ユニボール ワン ゲルインクボールペン
アクリルスタンド「学園アイドルマスター」44/篠澤 広 魔法使いver.（描き下ろしイラスト）
五等分の花嫁＊ BIGアクリルスタンド （ジャージメイド ver.） 中野 一花
学園アイドルマスター 描き下ろしアクリルスタンド_花海咲季
TVアニメ『よふかしのうた Season2』 前髪クリップセット
グリッドマン ユニバース A4シングルクリアファイル 南 夢芽/星空デート
Summer Pockets アクリルキャラスタンド 空門 蒼
アクリルスタンド「学園アイドルマスター」39/藤田ことね 魔法使いver.（描き下ろしイラスト）
学園アイドルマスター BIG描き下ろしアクリルスタンド_篠澤 広
アニメ「デート・ア・ライブV」 描き下ろし 時崎狂三 踊り子ver. BIGアクリルスタンド
『ラブライブ！スーパースター！！』アクリルスタンド Ver.Valentine2025 桜小路 きな子
放課後少年花子くん 太軸シャープ 一輪車 キャラくてぃぶ
ささやくように恋を唄う つながるデカアクリルスタンド 泉志帆 アリス ver.
学園アイドルマスター BIG描き下ろしアクリルスタンド_藤田ことね
アクリルスタンド「学園アイドルマスター」51/藤田ことね ストリートファッションver.（描き下ろしイラスト）
デカアクリルキーホルダー「夏炉×サンリオキャラクターズ」03/マイメロディ（コラボイラスト）
初音ミク×シナモロール デスクマット
アイドルマスター シャイニーカラーズ 描き下ろしアクリルスタンド_園田智代子
デート・ア・ライブV ホログラムデカアクリルスタンド 七罪 12周年アイドル ver.
アイドルマスター シャイニーカラーズ 描き下ろしアクリルスタンド_杜野凛世
スマイルスライム アクリルクリアマグネット ホイミスライムがあらわれた！
【XLサイズ】まちカドまぞく 2丁目 これで勝ったと思うなよ Tシャツ Ver.2.0/WHITE-XL
ファイナルファンタジーシリーズ ピクセライト FFピクセルリマスター 黒魔道士
よふかしのうた 七草ナズナ パーツ付きBIGアクリルスタンド ver.D
アニメ『ジョジョの奇妙な冒険 スターダストクルセイダース』描き下ろしBIGアクリルスタンド【JF25】（6）DIO
アクリルスタンド「アイドルマスター シンデレラガールズ」13/浅利七海 クレープ屋ver.（描き下ろしイラスト）
アクリルスタンド「2.5次元の誘惑」02/橘 美花莉（描き下ろしイラスト）
よふかしのうた 七草ナズナ ホログラム缶バッジ2個セット ver.F
『ラブライブ！スーパースター！！』アクリルスタンド Ver.Valentine2025 葉月 恋
アクリルスタンド「東方Project」06/八雲紫 病みかわいいver.（描き起こしイラスト）
スマイルスライム 和シリーズ うかびあがる扇子＜うみ＞
アニメ『ジョジョの奇妙な冒険 スターダストクルセイダース』描き下ろしBIGアクリルスタンド【JF25】（5）ジャン・ピエール・ポルナレフ
『ラブライブ！スーパースター！！』アクリルスタンド Ver.Valentine2025 嵐 千砂都
家庭教師ヒットマンREBORN！ 描き下ろし 雲雀 恭弥 カジノver. BIGアクリルスタンド
けいおん！ ぷちちょこアクリルスタンド 【秋山澪】 水着ver.
アクリルスタンド「東方Project」08/フランドール・スカーレット 病みかわいいver.（描き起こしイラスト）
お兄ちゃんはおしまい！ 描き下ろしクリアファイル（緒山まひろ/浴衣）
劇場版「Fate/kaleid liner プリズマ☆イリヤ Licht 名前の無い少女」 描き下ろしクリアファイル（イリヤ/バニーメイド）
お兄ちゃんはおしまい！ 描き下ろしクリアファイル（緒山まひろ/ゴシック）
劇場版「Fate/kaleid liner プリズマ☆イリヤ Licht 名前の無い少女」 描き下ろしクリアファイル（美遊/バニーメイド）
〈物語〉シリーズ オフ&モンスターシーズン 斧乃木余接 特大アクリルスタンド
初音ミク×ラスカル 2024 アクリルスタンド 初音ミク
葬送のフリーレン ユーベル アクリルつままれ
アクリルスタンド「学園アイドルマスター」31/花海咲季 原宿系ver.（描き下ろしイラスト）
アクリルスタンド「望月けい×サンリオキャラクターズ」02/ハローキティ（コラボイラスト）
青春ブタ野郎はランドセルガールの夢を見ない 描き下ろし 古賀朋絵 桜島麻衣 バースデーver. BIGアクリルスタンド
アクリルスタンド「東方Project」12/東風谷早苗 病みかわいいver.（描き起こしイラスト）
東方Project アクリルスタンド 霧雨魔理沙 2025春
東方Project 松本能人イラスト 十六夜咲夜 ウォッチコーデver. BIGアクリルスタンド
アクリルスタンド「学園アイドルマスター」47/姫崎莉波 魔法使いver.（描き下ろしイラスト）
アクリルスタンド「学園アイドルマスター」33/紫雲清夏 原宿系ver.（描き下ろしイラスト）
転生したらスライムだった件 【描き下ろし】アクリルスタンド（ルミナス）
ささやくように恋を唄う つながるデカアクリルスタンド 水口未希 アリス ver.
劇場版「Fate/kaleid liner プリズマ☆イリヤ Licht 名前の無い少女」 描き下ろし特大タペストリー（イリヤ/巫女）
グリッドマン ユニバース アクリルスタンド 飛鳥川 ちせ/星空デート
学園アイドルマスター 描き下ろしアクリルスタンド_有村麻央
青春ブタ野郎はランドセルガールの夢を見ない 描き下ろし 双葉理央 桜島麻衣 バースデーver. BIGアクリルスタンド
グリッドマン ユニバース アクリルスタンド 南 夢芽/星空デート
スマイルスライム ガラスの保存容器 M
ブシロード スリーブコレクション ハイグレード Vol.4772 学園アイドルマスター『十王星南』小さな野望ver.
無職転生Ⅱ ～異世界行ったら本気だす～ デカアクリルスタンド シルフィエット 執事&メイド ver.
志乃と恋 マグカップ
劇場版「Fate/kaleid liner プリズマ☆イリヤ Licht 名前の無い少女」 描き下ろし特大アクリルスタンド（クロエ/巫女）
SNOW MIKU 2025 アロマキャンドル tokki Ver.
SNOW MIKU 2025 SNOW MIKU 2025 雪ミク Art by KEI 特大アクリルスタンド
グリッドマン ユニバース 描き下ろし特大アクリルスタンド（響裕太&宝多六花/冬デート）
初音ミク アクリルスタンド 初音ミク レトロ☆神戸2025
コードギアス 反逆のルルーシュ ミニキャラスタンド ひっつきにゃんver. C.C.
初音ミクシリーズ ピンバッジ/鏡音レン
東方LostWord 指の上シリーズ 霧雨魔理沙【再販】
初音ミクシリーズ アクリルスタンド/MEIKO
けいおん！ ぷちちょこアクリルスタンド 【琴吹紬】 水着ver.
東方Project アクリルスタンド 伊吹萃香 博麗神社初詣
レーシングミク 2025 JCL TEAM UKYO 応援Ver. キーケース
よふかしのうた 七草ナズナ BIGシルエットTシャツユニセックス（サイズ/L）
初音ミク アクリルスタンド MEIKO レトロ☆神戸2025
グリッドマン ユニバース 描き下ろし特大アクリルスタンド（麻中蓬&南夢芽/冬デート）
ゆらゆらアクリルスタンド「ピアプロキャラクターズ」01/初音ミク ペンキver.（ミニキャライラスト）
劇場版「Fate/kaleid liner プリズマ☆イリヤ Licht 名前の無い少女」 描き下ろし絵馬（イリヤ/巫女）
アクリルスタンド「グリッドマンユニバース」31/南夢芽 和菓子ver.（描き下ろしイラスト）
東方LostWord 指の上シリーズ 博麗霊夢【再販】
初音ミクシリーズ アクリルスタンド/初音ミク
けいおん！ ぷちちょこアクリルスタンド 【田井中律】 水着ver.
デート・ア・ライブV ホログラムデカアクリルスタンド 鳶一折紙 12周年アイドル ver.
「Re：ゼロから始める異世界生活」B2タペストリー トマリ（C106）
初音ミク×シナモロール スライドミラー C
レーシングミク KYOJO VITA 2025Ver. 手帳型スマートフォンケース
初音ミクシンフォニーコラボカフェ ｢After Party in Yokohama｣等身アクリルスタンド 初音ミク
初音ミク×シナモロール スライドミラー A
デート・ア・ライブV ミニアクリルアート 七罪 12周年ランジェリー ver.
劇場版「Fate/kaleid liner プリズマ☆イリヤ 雪下の誓い」 イリヤ&美遊 A5アクリルパネル
3 o'clock 五等分の花嫁＊ アクリルスタンド（二乃）
家庭教師ヒットマンREBORN！ アクリルスタンド 雲雀恭弥 チャイナ
初音ミクシリーズ アクリルスタンド/鏡音リン
hololive OFFICIAL CARD GAME オフィシャルホロカスリーブ Vol.10 『戌神ころね』
家庭教師ヒットマンREBORN！ アクリルスタンド リボーン&沢田綱吉 チャイナ
ブシロード プレミアムデッキホルダーコレクション Vol.27 ご注文はうさぎですか？ BLOOM『ココア&チノ』10周年ver.
お兄ちゃんはおしまい！ 描き下ろしアクリルスタンド 穂月もみじ ワイシャツ ver. A
劇場版「Fate/kaleid liner プリズマ☆イリヤ Licht 名前の無い少女」 描き下ろしクリアファイル（美遊/夏）
時々ボソッとロシア語でデレる隣のアーリャさん 特大ダイカットアクリルボード マリヤ・ミハイロヴナ・九条 Kawaii ver.
劇場版「Fate/kaleid liner プリズマ☆イリヤ Licht 名前の無い少女」 描き下ろしクリアファイル（クロエ/ウエディング水着）
「戦姫絶唱シンフォギアXV」描き下ろしBIGアクリルスタンド【アニマルパジャマver.】（4）マリア・カデンツァヴナ・イヴ
初音ミク マジカルミライ2024 ぷにぷに缶バッジ 鏡音レン 鹿田ないVer.
グリッドマン ユニバース 描き下ろしデッキケース（宝多六花/水着）
初音ミク マジカルミライ2024 ぷにぷに缶バッジ 鏡音リン 鹿田ないVer.
アイカツ！ 10th STORY ～未来へのSTARWAY～ 描き下ろし 星宮いちご ROUND1ver. BIGアクリルスタンド
『ゆるキャン△ SEASON3』 描き下ろし 志摩リン 二層ステンレスマグカップ バースデーキャンプVer.
水引の美結＜初音ミク×甲州印伝＞
アイカツ！ 10th STORY ～未来へのSTARWAY～ 描き下ろし 氷上スミレ ROUND1ver. BIGアクリルスタンド
アクリルスタンド「プリパラ10周年×サンリオキャラクターズ」03/北条そふぃ×ルロロマニック（等身イラスト）
葬送のフリーレン 寝相 Tシャツver.2 01 L
ブシロード プレミアムデッキホルダーコレクション Vol.26 ご注文はうさぎですか？ BLOOM『チノ』
アクリルスタンド「銀魂」09/土方 十四郎 書店員ver.（描き下ろしイラスト）
レーシングミク 2024 Summer Holiday Ver. ビジュアルアクリルプレート
初音ミク 描き下ろし 初音ミク ハートver. Art by coalowl グリッター缶バッジ ver.B
初音ミク×甲州印伝 56mmコレクション缶バッジ Bデザイン
ご注文はうさぎですか？ BLOOM 描き下ろし ココア お座りケーキver. BIGアクリルスタンド
家庭教師ヒットマンREBORN！ アクリルスタンド 沢田綱吉&リボーン
アクリルスタンド「赤倉×はぴだんぶい」33/けろけろけろっぴ（コラボイラスト）
ハイキュー！！ アクリルスタンド-お天気版権 第一弾- （B 影山飛雄）
『マガジンヒロインフェス2024』TVアニメ「甘神さんちの縁結び」描き下ろしBIGアクリルスタンド（3）甘神 朝姫
アクリルスタンド「戦姫絶唱シンフォギアXV」37/暁切歌 水遊びVer.（描き下ろしイラスト）
青春ブタ野郎はランドセルガールの夢を見ない デカアクリルスタンド 桜島麻衣 麦わら ver.
ラブライブ！蓮ノ空女学院スクールアイドルクラブ 第5弾 パスケース YH 徒町小鈴
アクリルスタンド「戦姫絶唱シンフォギアXV」32/立花響 水遊びVer.（描き下ろしイラスト）
アクリルスタンド「まちカドまぞく 2丁目」21/吉田優子 書店員ver.（描き下ろしイラスト）
ブシロード スリーブコレクション ハイグレード Vol.4513 ありふれた職業で世界最強『ユエ』Part.6
「Re：ゼロから始める異世界生活」アクリルスタンドフィギュア 京都旅行ver. ラム
五等分の花嫁 アクリルスタンド 中野一花 カレッジスタイル
進撃の巨人 描き下ろし エレン 過去ver. BIGアクリルスタンド
初音ミク ドン・キホーテフェア 2024 トートバッグ kawaii fashion
スマイルスライム ぬいぐるみ M チョコタワー
家庭教師ヒットマンREBORN！ アクリルスタンド 六道骸
ブシロード スリーブコレクション ハイグレード Vol.4603 ご注文はうさぎですか？ BLOOM『マヤ』Part.2
【XLサイズ】ぼっち・ざ・ろっく！ 喜多郁代の「キターン」 Tシャツ/WHITE-XL
ハイキュー！！ Shoesfit ZOOMYアクリルスタンド日向
『ゆるキャン△ SEASON3』 描き下ろし 志摩リン アクリルスタンド(大) ゼブラでお買い物Ver.
アイカツ！ 10th STORY ～未来へのSTARWAY～ 描き下ろし 神崎美月 ROUND1ver. BIGアクリルスタンド
【Lサイズ】初音ミク Tシャツ チェリ藻 Ver./SUMI-L
五等分の花嫁 アクリルスタンド 中野二乃 モノクロバニードレス
『ゆるキャン△ SEASON3』 描き下ろし 志摩リン 屋外対応ステッカー バースデーキャンプVer.
アクリルスタンド「グリッドマンユニバース」27/飛鳥川ちせ 魔女ver.（描き下ろしイラスト）
アクリルスタンド「銀魂」06/坂田 銀時 書店員ver.（描き下ろしイラスト）
劇場版 第4弾『僕のヒーローアカデミア THE MOVIE ユアネクスト』描き下ろしBIGアクリルスタンド（3）轟焦凍
時々ボソッとロシア語でデレる隣のアーリャさん アクリルスタンド ROUND1コラボVer. アーリャ
物語シリーズ サムネイルキラステッカーセット 八九寺真宵
時々ボソッとロシア語でデレる隣のアーリャさん_卓上カレンダー
【Lサイズ】HATSUNE MIKU EXPO 10th Anniversary Tシャツ 柄A(八三様) ホワイト Lサイズ
デート・ア・ライブV 描き下ろしアクリルスタンド 夜刀神十香 遊園地デート ver.
ハイキュー！！ アクリルスタンド-お天気版権 第一弾- （G 及川徹）
デート・ア・バースデー202503 でかすた！四糸乃
時々ボソッとロシア語でデレる隣のアーリャさん アクリルスタンド アーリャ
東方Project キャラクターアクリルスタンド 26 霧雨魔理沙 illust.藤ちょこ
アクリルスタンド「グリッドマンユニバース」21/飛鳥川ちせ セーラー服ver.（描き下ろしイラスト）
五等分の花嫁∽ A4シングルクリアファイル 中野一花/アイス屋さん
アクリルスタンド「グリッドマンユニバース」18/宝多六花 セーラー服ver.（描き下ろしイラスト）
ブシロード ラバーマットコレクション V2 Vol.1603 ブルーアーカイブ『モモイ』メモリアルロビーイラストver.
ポールプリンセス！！ 背景付きアクリルスタンド（紫藤サナ メイドver.）
埴輪 踊る人々レン ダイカットステッカー
埴輪 踊る人々リン ダイカットステッカー
アクリルスタンド「プリパラ10周年×サンリオキャラクターズ」01/真中らぁら×マイメロディ（等身イラスト）
アクリルスタンド「グリッドマンユニバース」24/宝多六花 魔女ver.（描き下ろしイラスト）
劇場版 ハイスクール・フリート 描き下ろし 立石 志摩 衣装交換（パジャマ）ver. BIGアクリルスタンド
ハイキュー！！ アクリルスタンド-お天気版権 第一弾- （O 木兎光太郎）
初音ミクシリーズ アクリルスタンド/巡音ルカ
デート・ア・ライブV 描き下ろしB2タペストリー（時崎狂三 /水着ドレス）
『きみが死ぬまで恋をしたい』ステッカーセット【B】
ねんどろいどどーる おようふくセット デニムジャケット&スカート
初音ミク 描き下ろし 初音ミク ハートver. Art by coalowl BIGアクリルスタンド ver.B
【Lサイズ】初音ミク 描き下ろし 初音ミク Art by coalowl イラスト着用Tシャツメンズ（サイズ/L）
レーシングミク 2025Ver. パスケース Vol.1
となりの吸血鬼さん [描き下ろし] アクリルスタンド ソフィー(制服)
ウルトラマン 怪獣ステッカーコレクション ゼットン
灼眼のシャナ 原作版 シャナ アクリルスタンド 黒髪Ver.
埴輪 挂甲の武人ミク ダイカットステッカーA
ブシロード スリーブコレクション ハイグレード Vol.4604 ご注文はうさぎですか？ BLOOM『メグ』Part.2
家庭教師ヒットマンREBORN！With catアクリルスタンドプレート 雲雀恭弥
家庭教師ヒットマンREBORN！With catアクリルスタンドプレート リボーン&沢田綱吉
デート・ア・ライブV 描き下ろしデッキケース（時崎狂三 /水着ドレス）
ブシロード スリーブコレクション ハイグレード Vol.4661 東方LostWord『博麗霊夢』Part.2
家庭教師ヒットマンREBORN！ アクリルスタンド サイバーパンクVer. 雲雀恭弥
家庭教師ヒットマンREBORN！ アクリルスタンド サイバーパンクVer. 六道骸
ブシロード スリーブコレクション ハイグレード Vol.4577 アズールレーン『Z23』ハイラーテンシュヴァルツver.
デート・ア・ライブV 描き下ろしスリーブ（時崎狂三 /水着ドレス）
ブシロード スリーブコレクション ハイグレード Vol.4632 アイドルマスター シンデレラガールズ『高垣 楓』ラヴィサン・ショコラver.
ブシロード スリーブコレクション ハイグレード Vol.4665 東方LostWord『パチュリー・ノーレッジ』Part.2
39Culture 2024 FES アクリルスタンド KAITO
デート・ア・ライブV 描き下ろしアクリルスタンド 崇宮澪 遊園地デート ver.
レーシングミク 2025Ver. アクリルペンスタンド
『ゆるキャン△ SEASON3』 描き下ろし 大垣千明 アクリルスタンド(大) バースデーキャンプVer.
初音ミク ミニアクリルキーホルダー 初音ミク はんなり2024ミニキャラ
レーシングミク 2025Ver. キーケース Vol.2
ホログラムアクリルスタンド「アイカツ！シリーズ×サンリオキャラクターズ」03/虹野 ゆめ×ぼんぼんりぼん（等身イラスト）
アクリルスタンド「魔法少女リリカルなのはシリーズ」30/フェイト スチームパンクver.（描き下ろしイラスト）
アイカツ！ 10th STORY ～未来へのSTARWAY～ 描き下ろし 藤堂ユリカ 袴ver. BIGアクリルスタンド
初音ミク 秋葉原フェスティバル 2024 アクリルスタンド 七夕Ver. 巡音ルカ
ホログラムアクリルスタンド「五等分の花嫁∽×サンリオキャラクターズ」02/中野二乃×クロミ（コラボイラスト）
【XLサイズ】伊地知虹夏の 「現実を見て」 Tシャツ [アニメ 「ぼっち・ざ・ろっく!」 ] スミ / XL
ブシロード スリーブコレクション ハイグレード Vol.4572 アイドルマスター シンデレラガールズ『大槻 唯』甘カワ☆ニゅーいヤーver.
佐々木とピーちゃん 【描き下ろし】 アクリルスタンド お隣さん (水着)
魔法少女リリカルなのはシリーズ 描き下ろし 八神はやて&ザフィーラ 吹奏楽ver. パーツ付きBIGアクリルスタンド
五等分の花嫁＊ バーチャルキャスト アクリルスタンドGrande 中野 四葉
五等分の花嫁＊ バーチャルキャスト アクリルスタンドGrande 中野 一花
ブシロード デッキホルダーコレクション V3 Vol.1021 アイドルマスター シンデレラガールズ『高垣 楓』ラヴィサン・ショコラver.
電撃文庫「『青春ブタ野郎』シリーズ」10周年記念アクリルフィギュア Ver.バニーガール
アクリルスタンド「グリッドマンユニバース」22/2代目 セーラー服ver.（描き下ろしイラスト）
ブシロード スリーブコレクション ハイグレード Vol.4561 富士見ファンタジア文庫 デート・ア・ライブ フラグメント デート・ア・バレット『時崎狂三』
五等分の花嫁＊ バーチャルキャスト アクリルスタンド 中野 四葉
デート・ア・ライブV 描き下ろしアクリルスタンド 四糸乃 遊園地デート ver.
「時々ボソッとロシア語でデレる隣のアーリャさん」アクリルスタンドフィギュア 着物ドレスver. 有希
五等分の花嫁∽ 描き下ろし 中野三玖 ボウラーガールver. BIGアクリルスタンド
ブシロード スリーブコレクション ハイグレード Vol.4675 学園アイドルマスター『藤田ことね』世界一可愛い私ver.
デート・ア・ライブV 描き下ろし特大アクリルスタンド（時崎狂三 /水着ドレス）
『きみが死ぬまで恋をしたい』描き下ろしBIGアクリルスタンド【和風ロリータver.】（2）ミミ
五等分の花嫁＊ バーチャルキャスト アクリルスタンドGrande 中野 三玖
五等分の花嫁∽ アクリルスタンド /03 三玖（大正ロマンver.）
キャラクリアケース「グリッドマンユニバース」05/宝多六花 セーラー服ver.（描き下ろしイラスト）
お隣の天使様にいつの間にか駄目人間にされていた件 アクリルスタンド 真昼と一緒にデート ver. （ピクニックデート）
学園アイドルマスター トラベルステッカー （7）紫雲清夏
アクリルスタンド「プリパラ10周年×サンリオキャラクターズ」04/ファルル×ハローキティ（等身イラスト）
銀魂 アクリルスタンド＿桂小太郎
お隣の天使様にいつの間にか駄目人間にされていた件 B2タペストリー 真昼と一緒にデート ver. （ピクニックデート）
劇場版「Fate/kaleid liner プリズマ☆イリヤ Licht 名前の無い少女」アクリルスタンドフィギュア クロエ Kimono ver.
アイカツ！ 10th STORY ～未来へのSTARWAY～ 描き下ろし 大空あかり ROUND1ver. BIGアクリルスタンド
学園アイドルマスター イラストスリーブNT 一番向いてないこと 篠澤 広
学園アイドルマスター ステージアクリルスタンド 葛城リーリヤ
五等分の花嫁∽ ビッグアクリルスタンド 中野五月/アイス屋さん
初音ミク 京風がま口 初音ミク はんなり2024
時々ボソッとロシア語でデレる隣のアーリャさん アクリルスタンド マーシャ
ラブライブ！スーパースター！！ アクリルスタンド/澁谷かのん アジアツアーフェアver.
アクリルスタンド「狼と香辛料」01/ホロA（描き下ろしイラスト）
五等分の花嫁∽ アクリルスタンド /05 五月（大正ロマンver.）
東方Project 松本能人イラスト 十六夜咲夜 現代風ファッションver. パーツ付きBIGアクリルスタンド
時々ボソッとロシア語でデレる隣のアーリャさん デカアクリルスタンド マリヤ・ミハイロヴナ・九条 Kawaii ver.
ブシロード スリーブコレクション ハイグレード Vol.4542 アイドルマスター シンデレラガールズ『一ノ瀬志希』ドルチェ・プエラver.
時々ボソッとロシア語でデレる隣のアーリャさん 特大ダイカットアクリルボード アリサ・ミハイロヴナ・九条 Kawaii ver.
ブルーアーカイブ -Blue Archive- ちょこぷに おおきな40cmぬいぐるみ シロコ
デート・ア・ライブV 描き下ろしアクリルスタンド 時崎狂三 遊園地デート ver.
五等分の花嫁∽ ビッグアクリルスタンド 中野一花/アイス屋さん
デート・ア・ライブV 描き下ろしビジュアルアクリルプレート 時崎狂三 遊園地デート ver.
ブルーアーカイブ -Blue Archive- ちょこぷに おおきな40cmぬいぐるみ ホシノ
となりの吸血鬼さん 描き下ろし特大アクリルスタンド（ソフィー/ウエディング水着）
アクリルスタンド「東方Project」02/霧雨魔理沙 浴衣ver.（描き起こしイラスト）
青春ブタ野郎はランドセルガールの夢を見ない デカアクリルスタンド 牧之原翔子 麦わら ver.
「葬送のフリーレン×いらすとや」 アクリルスタンド フリーレン「買っちゃった」
初音ミク 描き下ろし 初音ミク ハート デフォルメver. Art by coalowl 合皮レザーミニポーチ ver.B
五等分の花嫁∽ アクリルスタンド デザイン02（中野二乃/花の妖精ver.）【描き下ろし】
グリッドマン ユニバース 描き下ろし特大アクリルスタンド（宝多六花/水着）
劇場版 ハイスクール・フリート 描き下ろし ヴィルヘルミーナ 海辺ver. A6アクリルパネル
「戦姫絶唱シンフォギアXV」描き下ろしBIGアクリルスタンドLL【アニマルパジャマver.】（6）暁 切歌
放課後少年花子くん ぎゃおコレ チャーム付きボールペン 源 光
青春ブタ野郎はランドセルガールの夢を見ない デカアクリルスタンド 梓川花楓 麦わら ver.
『ラーメン発見伝』 ステッカー3枚セット
ラブライブ！蓮ノ空女学院スクールアイドルクラブ 加賀友禅描き下ろしBIGアクリルスタンド 村野さやか【石川県】
学園アイドルマスター トラベルステッカー （6）倉本千奈
負けヒロインが多すぎる！ 描き下ろし 八奈見杏菜 アクリルスタンド(大) ランニングウェアVer.
放課後少年花子くん ぎゃおコレ チャーム付きボールペン 八尋 寧々
「時々ボソッとロシア語でデレる隣のアーリャさん」描き下ろしBIGアクリルスタンド【バニーver.】（2）有希
レーシングミク 2025Ver. 等身大タペストリー
ゆるキャン△ SEASON3 ちくわパンあり 頭陀袋
彼女、お借りします 描き下ろし特大アクリルスタンド（水原千鶴/マリンセーラー水着）
ポールプリンセス！！ 描き下ろし特大アクリルスタンド（蒼唯ノア）
ラブライブ！蓮ノ空女学院スクールアイドルクラブ 加賀友禅描き下ろしBIGアクリルスタンド 乙宗梢【石川県】
『大室家』アクリルスタンド 花子inワンダーランド 大室撫子
ラブライブ！蓮ノ空女学院スクールアイドルクラブ 加賀友禅描き下ろしBIGアクリルスタンド 夕霧綴理【石川県】
初音ミク 屋外対応ステッカー
ウルトラマン 怪獣ステッカーコレクション ダダ
葛飾北斎×初音ミク A4クリアファイル2枚+カード1枚 セット
ラブライブ！蓮ノ空女学院スクールアイドルクラブ 加賀友禅描き下ろしBIGアクリルスタンド 大沢瑠璃乃【石川県】
『時々ボソッとロシア語でデレる隣のアーリャさん』アクリルパネル 表紙ver
お隣の天使様にいつの間にか駄目人間にされていた件 B2タペストリー 真昼と一緒にデート ver. （遊園地デート）
「ダンジョン飯」アクリルスタンド BBQパーティー！ マルシル
劇場版「Fate/kaleid liner プリズマ☆イリヤ Licht 名前の無い少女」 描き下ろしスリーブ（クロエ/夏）
アクリルスタンド「プリパラ10周年×サンリオキャラクターズ」02/南みれぃ×ポムポムプリン（等身イラスト）
「Re：ゼロから始める異世界生活」アクリルスタンドフィギュア ムービーシアター ver. ベアトリス
五等分の花嫁 ぬいぐるみ 中野五月
ハイキュー！！ Shoesfit ZOOMYアクリルスタンド孤爪
アクリルスタンド 先輩はおとこのこ/蒼井 咲（POM POM LAND）
キャラクタープラモデル アルカナディア ユクモ
初音ミク 描き下ろし 初音ミク ハート デフォルメver. Art by coalowl ロッカーキー風アクリルキーホルダー ver.B
劇場版「Fate/kaleid liner プリズマ☆イリヤ Licht 名前の無い少女」 描き下ろしクリアファイル（クロエ/夏）
学園アイドルマスター トラベルステッカー （2）月村手毬
アクリルスタンド「銀魂」11/桂 小太郎 書店員ver.（描き下ろしイラスト）
MC-14 初音ミク×シナモロール ふわコロりんBIG2 D 初音ミク(クッキング)
アクリルスタンド「五等分の花嫁∽」26/一花 らいはコーデver.（描き下ろしイラスト）
「戦姫絶唱シンフォギアXV」描き下ろしBIGアクリルスタンド【アニマルパジャマver.】（1）立花 響
学園アイドルマスター トラベルステッカー （5）葛城リーリヤ
ブルーアーカイブ -Blue Archive- ちょこぷに ぬいぐるみ ユウカ
ハイキュー！！ アクリルスタンド-お天気版権 第一弾- （K 灰羽リエーフ）
初音ミク マジカルミライ2024 ぷにぷに缶バッジ 初音ミク 鹿田ないVer.
五等分の花嫁∽ 描き下ろしアクリルスタンド/五月
家庭教師ヒットマンREBORN！ アクリルスタンド モコモコウィンターver. 六道 骸
PC-18 雪ミク ふわコロりんBIG E 雪ミク(2014)
デート・ア・ライブV B2タペストリー 五河琴里
ご注文はうさぎですか？ BLOOM 描き下ろし リゼ アイドル制服ver. BIGアクリルスタンド
桜ミク 描き下ろし 桜ミク 桜パーティーver. Art by しゅがお マグランチボックス
彼女、お借りします第3期 B2タペストリー 更科瑠夏（水着）
アイドルマスター シャイニーカラーズ オーロラアクリルフィギュア 櫻木真乃
ラブライブ！蓮ノ空女学院スクールアイドルクラブ デカアクリルスタンド 村野さやか 洋装 ver.
「ご注文はうさぎですか？BLOOM」B2タペストリー（5）シャロ
ラブライブ！蓮ノ空女学院スクールアイドルクラブ デカアクリルスタンド 乙宗 梢 洋装 ver.
キングダム 楊端和 アクリルスタンド カフェ
転生したらスライムだった件 ベニマル A5アクリルパネル
アクリルスタンド 五等分の花嫁∽/中野 一花 オレンジデーver.
アイドルマスター シャイニーカラーズ オーロラアクリルフィギュア 月岡恋鐘
SPYAIR TOUR 2018 -KINGDOM- Live at NIPPON BUDOKAN(完全生産盤) []
『蓮ノ空女学院スクールアイドルクラブ』アクリルプレート Ver.104期スタート 日野下 花帆
転生したらスライムだった件 アクリルキャラスタンドC （リムル&ミリム）
「ご注文はうさぎですか？BLOOM」アクリルスタンド（5）シャロ
PC-22 雪ミク ふわコロりんBIG2 E 雪ミク 2021
KINGDOM HEARTS III プレイアーツ改 リク DX版 PVC製 塗装済み可動フィギュア
ブルーアーカイブ 「アロナ」 1/7スケールフィギュア
『蓮ノ空女学院スクールアイドルクラブ』アクリルプレート Ver.104期スタート 夕霧 綴理
五等分の花嫁 A4シングルクリアファイル 中野四葉 メイクアップ
ラブライブ！蓮ノ空女学院スクールアイドルクラブ アクリルフィギュア 安養寺姫芽 104期冬制服 ver.
東方Project 花札柄マルチデスクマット（博麗霊夢）
レーシングミク 2024Ver. 手帳型スマートフォンケース vol.2
アクリルスタンド「ガールズ&パンツァー 最終章」17/袴ver. ケイ（描き下ろしイラスト）
桜ミク 描き下ろし 鏡音レン 桜パーティーver. Art by しゅがお 2連ワイヤーアクリルキーホルダー
彼女、お借りします アクリルスタンド 水原千鶴
ゆるキャン△ SEASON3 ぷちちょこアクリルスタンド【志摩リン（B）】
五等分の花嫁 アクリルスタンド 中野二乃 ピクニック
転生したらスライムだった件 シズ A5アクリルパネル
アクリルスタンド「学園アイドルマスター」07/紫雲清夏
【XLサイズ】お兄ちゃんはおしまい！ 1周年記念Tシャツ 白
マグカップ カードキャプターさくら25/黄色
彼女、お借りします第3期 B2タペストリー 更科瑠夏（水着寝そべり）
葬送のフリーレン 寝相 耐水ステッカー 06
アクリルスタンド「やはり俺の青春ラブコメはまちがっている。」05/由比ヶ浜結衣（描き下ろしイラスト）
やはり俺の青春ラブコメはまちがっている。完 描き起こし 一色いろは 制服ver. Art by けろりら BIGアクリルスタンド
『蓮ノ空女学院スクールアイドルクラブ』アクリルプレート Ver.104期スタート 安養寺 姫芽
ラブライブ！蓮ノ空女学院スクールアイドルクラブ アクリルフィギュア 大沢瑠璃乃 アイコンTシャツ ver
五等分の花嫁 香り付きアクリルスタンド 中野五月 メイクアップ
ラブライブ！蓮ノ空女学院スクールアイドルクラブ アクリルフィギュア 藤島 慈 104期冬制服 ver.
彼女、お借りします アクリルキャラスタンドC（水原千鶴）
アクリルスタンド「ガールズ&パンツァー 最終章」15/袴ver. 西住みほ（描き下ろしイラスト）
SCultures BIG 造形天下一武道会5 －共－ 其之一 孫悟空 ドラゴンボール 約22cm フィギュア
やはり俺の青春ラブコメはまちがっている。続/アクリルフィギュアM/由比ヶ浜結衣ドレス
ポケモンカードゲーム ぬいぐるみデッキケース イーブイ
ゆるキャン△SEASON3 カジュアルキャンプ アクリルスタンド リン
39Culture 2024 WORLD アクリルスタンド 鏡音リン
39Culture 2023 EXTRA COSPLAY アクリルスタンド MEIKO
ラブライブ！スーパースター！！ アクリルプレート Ver.heartmark 桜小路 きな子
ブルーアーカイブ The Animation 描き下ろし アクティビティver. カヨコ BIGアクリルスタンド
五等分の花嫁∽ いちごルームウェア BIGアクリルスタンド 1 一花
トイズワークス にいてんご 灼眼のシャナⅢ Final みんなでお泊り DokiDokiパジャマパーティーセット
ささやくように恋を唄う アクリルスタンド（ハートクッション） 2.朝凪依
ラブライブ！蓮ノ空女学院スクールアイドルクラブ アクリルフィギュア 徒町小鈴 練習着 ver
PC-24 雪ミク ぽてコロマスコットBIG2 C 雪ミク 2019
BABY, THE STARS SHINE BRIGHT × 初音ミク アクリルスタンド
デート・ア・バースデー202409 ラバーマット六喰
ポケモンカードゲーム スカーレット&バイオレット ぬいぐるみデッキケース ピカチュウ
桜ミク 描き下ろし 桜ミク 桜パーティーver. Art by しゅがお BIGアクリルスタンド
ブルーアーカイブ The Animation 描き下ろし アクティビティver. ノノミ BIGアクリルスタンド
アクリルスタンド 五等分の花嫁∽/中野 五月 和装バニーver.
ゆるキャン△ SEASON3 ぷちちょこマグネットステッカー【なでしこ&リン】
ぼっち・ざ・ろっく! 描き下ろし 伊地知虹夏 屋外対応ステッカー ストリートファッションVer.
ブシロード ラバーマットコレクション V2 Vol.1376 ブルーアーカイブ『チェリノ』メモリアルロビーイラストver.
KINGDOM HEARTS III BRING ARTS ナミネ PVC製 塗装済み可動フィギュア
アイドルマスター シャイニーカラーズ アクリルスタンド_大崎 甜花
放課後少年花子くん アクリルスタンド 八尋寧々
ドラゴンボール SCultures BIG 造形天下一武道会4 其ノ五 トランクス 外箱高約180mm フィギュア
狼と香辛料 MERCHANT MEETS THE WISE WOLF ラバープレイマット 浴衣美人ホロ
五等分の花嫁∽ rockin’starコラボ 描き下ろし 中野四葉 ロックアイドルver. クリアファイル
五等分の花嫁∽ ぱすてるふぁっしょん アクリルスタンド 中野三玖
39Culture 2024 FES ラゲッジタグ 初音ミク
ボートペンポーチ カードキャプターさくら25/ピンク
銀魂 描き下ろし 桂小太郎 一日の始まりver. BIGアクリルスタンド
『アネモネは熱を帯びる』描き下ろしアクリルスタンド【ウェディングver.】大槻凪紗
戦姫絶唱シンフォギアＸＶ デカアクリルスタンド 小日向 未来 和楽器LIVE ver.
ジョジョの奇妙な冒険 Chibiぬいぐるみ ディオ・ブランドー
鏡音リン アクリルマルチキーホルダー
アクリルスタンド「アイカツ！」14/神崎美月 オフィスガールver.（描き下ろしイラスト）
ノーゴーストクラシックミニステッカー / SWGB-032
アイドルマスター シャイニーカラーズ アクリルフィギュア 小宮果穂 tropical style
戦姫絶唱シンフォギアXV アクリルスタンド デート服Ver. 風鳴翼
マシュマロマンスクウェアミニステッカー/ SWGB-028
39Culture 2024 ご当地アクリルジオラマ 福岡
東方Project ダイカットステッカー 魂魄妖夢 夏越の祓
39Culture 2024 FES パスケース
Re：ゼロから始める異世界生活 アクリルスタンド/ラム
ねんどろいどどーる おようふくセット サブカルジャージ(Pink)
お兄ちゃんはおしまい！ スリーブ（緒山まひろ/悪魔）
探偵はもう、死んでいる。 スリーブ（シエスタ/桜）
39Culture 2024 FES スマホ防水ソフトケース
コスパ プリコネR クリスティーナ フルグラフィックTシャツ Mサイズ
僕のヒーローアカデミア アクリルスタンド 園芸員 （爆豪勝己）
ブシロード スリーブコレクション ハイグレード Vol.4429 ブルーアーカイブ『セリカ』
【XLサイズ】るろうに剣心 －明治剣客浪漫譚－ 悪・即・斬 Tシャツ/SUMI-XL
アクリルスタンド「グリッドマンユニバース」15/飛鳥川ちせ 海賊ver.（描き下ろしイラスト）
「安達としまむら」描き下ろしBIGアクリルスタンド（1）安達桜
五等分の花嫁∽ 描き下ろし 中野四葉 アロハシャツver. BIGアクリルスタンド
ひみつのアイプリ キャラクタースリーブミニ ENS-03 鈴風つむぎ
ずんだもん 吹出し付アクリルスタンド05
東方Project ダイカットステッカー 博麗霊夢 夏越の祓
五等分の花嫁∽ 描き下ろし 中野一花 アロハシャツver. BIGアクリルスタンド
「安達としまむら」描き下ろしBIGアクリルスタンド（2）島村抱月
〈物語〉シリーズ アクリルスタンド/忍野忍
ずんだもん 吹出し付アクリルスタンド04
アクリルスタンド「学園アイドルマスター」01/花海咲季
ずんだもん 吹出し付アクリルスタンド03
ずんだもん 吹出し付アクリルスタンド06
アクリルスタンド「学園アイドルマスター」09/姫崎莉波
お兄ちゃんはおしまい！ 描き下ろしラバーマット（緒山まひろ/天使）
〈物語〉シリーズ アクリルスタンド/八九寺真宵
『蓮ノ空女学院スクールアイドルクラブ』アクリルプレート Ver.104期スタート 藤島 慈
『ラブライブ！蓮ノ空女学院スクールアイドルクラブ』ミニアクリルプレート 吟子
39Culture 2023 EXTRA COSPLAY アクリルスタンド 鏡音レン
プリンセスコネクト！Re:Dive ミニアクリルスタンド キャル
五等分の花嫁∽ 描き下ろし 中野二乃 アロハシャツver. BIGアクリルスタンド
文豪ストレイドッグス アクリルスタンド 太宰治&中原中也 十五歳編ver.
39Culture 2024 FES アクリルスタンド 鏡音レン
39Culture 2024 WORLD アクリルスタンド 初音ミク
文豪ストレイドッグス アクリルスタンド 中島敦&芥川龍之介
39Culture 2024 WORLD アクリルスタンド 鏡音レン
39Culture 2023 EXTRA PARTY アクリルスタンド 鏡音レン
MF文庫J夏の学園祭2024 描きおろしトロピカルアクリルスタンド 『ノーゲーム・ノーライフ』白
学園アイドルマスター favorite series アクリルスタンド（倉本 千奈）
ファイナルファンタジーVII リメイク ブライトアーツギャラリー サボテンダー
PC-18 雪ミク ふわコロりんBIG B 雪ミク(2011)
やはり俺の青春ラブコメはまちがっている。完 描き起こし 雪ノ下雪乃 私服ver. Art by けろりら A6アクリルパネル
やはり俺の青春ラブコメはまちがっている。完 描き起こし 雪ノ下雪乃 制服ver. Art by けろりら A6アクリルパネル
やはり俺の青春ラブコメはまちがっている。完/アクリルフィギュアM/デビル/いろは
S.H.フィギュアーツ ドラゴンボールZ セル 第一形態 約170mm ABS&PVC製 塗装済み可動フィギュア
figma ホロライブプロダクション がうる・ぐら
学園アイドルマスター favorite series ステッカー（篠澤 広）
２０１４　ＦＮＣ　ＫＩＮＧＤＯＭ　ＩＮ　ＪＡＰＡＮ　?ＳＴＡＲＬＩＧＨＴ?
2016 FNC KINGDOM IN JAPAN -CREEPY NIGHTS-
やはり俺の青春ラブコメはまちがっている。完/アクリルフィギュアM/デビル/結衣
時々ボソッとロシア語でデレる隣のアーリャさん キャラメガネスタンド 有希
やはり俺の青春ラブコメはまちがっている。完 描き起こし 一色いろは 制服ver. Art by けろりら 特大ダイカットアクリルパネル
学園アイドルマスター 葛城リーリヤ パスケース(ナスカン付き)
やはり俺の青春ラブコメはまちがっている。完 描き起こし 雪ノ下雪乃 私服ver. Art by けろりら 特大ダイカットアクリルパネル
リーメント ぷちサンプルシリーズ 名探偵の部屋 BOX商品 全8種 8個入り
ディメンションオブドラゴンボール ドラゴンボール 超サイヤ人 孫悟空 約210mm ABS&PVC&生地製 塗装済み完成品フィギュア
機動戦士ガンダム-BOX 1
やはり俺の青春ラブコメはまちがっている。完 描き起こし 一色いろは 私服ver. Art by けろりら 特大ダイカットアクリルパネル
デート・ア・ライブV ミニアクリルアート 夜刀神十香
やはり俺の青春ラブコメはまちがっている。完 描き起こし 由比ヶ浜結衣 私服ver. Art by けろりら 特大ダイカットアクリルパネル
【6体セット】　鬼滅の刃　フィギュア　鬼ノ装　拾伍の型　獪岳
ドラゴンボールZ DRAMATIC SHOWCASE 1st season vol.1 孫悟飯 単品
やはり俺の青春ラブコメはまちがっている。続/抱き枕カバープレミアム/いろはバニーガール/リニューアル
鬼滅の刃 フィギュアセット　12/8まで限定値下げ！
鬼滅の刃 HYOKOFIG ひょこふぃぐ 竈門禰豆子　童磨 セット
鬼滅の刃 ちょこのっこ フィギュア 一番くじ 炭子 善子 猪子 宇髄
鬼滅の刃 HYOKOFIG -童磨- フィギュア
鬼滅の刃 グッズセット、フィギュア、シール、ペンケース、カードダス、など
鬼滅の刃　一番くじ　ちょこのっこセミコンプセット
鬼滅の刃 アドバージモーション 鬼舞辻無惨
鬼滅の刃 無限列車編　チャーム付きフィギュア　煉獄
(未開封) 鬼滅の刃 おねむたん 不死川 玄弥
鬼滅の刃 一番くじ 竈門炭治郎 ちょこのっこ ぽこっとちゃーむ
鬼滅の刃 ちょこっとひっかけフィギュアぷち 冨岡義勇 ①
鬼滅の刃とれーでぃんぐゆびにんぎょう　ぼりゅーむ　壱　弍　7体セット　全集中展
美品　鬼滅の刃　魘夢　すわらせ隊　デコラピック　2種
鬼滅の刃 ゆらゆらヘッド フィギュア 時透無一郎 冨岡義勇 2種セット
鬼滅の刃 童磨 ちょこのせプレミアムフィギュア フィグライフ まとめ売り
鬼滅の刃 童磨 獪岳 フィギュア3点セット
鬼滅の刃 胡蝶しのぶ ブックマーカーフィギュア
ポップマート 鬼滅の刃 フィギュア 宇髄天元
鬼滅の刃 おねむたん 拾壱ノ型 にどね 玄弥 鋼鐵塚 有一郎
鬼滅の刃 義勇 ぬいぐるみ
鬼滅の刃 一番くじ　C賞　童磨　他
鬼滅の刃　ADVERGE MOTION フィギュア 10個入りパック
鬼滅の刃 Qposket 甘露寺蜜璃A&伊黒小芭内A フィギュア 2点セット
新品未開封　一番くじ　鬼滅の刃　F賞　無一郎
鬼滅の刃　プチっと灯りマス 胡蝶しのぶ
鬼滅の刃 猗窩座 ディフォルメ マスコット
ポップマート 鬼滅の刃 我妻善逸フィギュア
鬼滅の刃 ポップマート 宇髄天元
鬼滅の刃 一番くじ 富岡義勇 A 賞 フィギュア
鬼滅の刃　宇髄天元フィギュア
ConoFig コノフィグ 鬼滅の刃 堕姫と妓夫太郎 フィギュア
劇場版　鬼滅の刃　無限城編　カプセル＆お菓子キャッチマシン 2点セット
鬼滅の刃 HYOKOFIG　禰豆子　フィギュア　ヒョコフィグ
鬼滅の刃　伊之助　アオイ　まとめ売り
鬼滅の刃 鬼ノ装　童磨　獪岳
鬼滅の刃 23巻 特典　フィギュア4体
鬼滅の刃 堕姫
鬼滅の刃 錆兎 ちょこのせ 幼少期の錆兎 開封品
一番くじ　鬼滅の刃　姉の仇　F賞　ちょこのっこフィギュア　6種
鬼滅の刃 ディフォルメマスコット【煉獄杏寿郎】
鬼滅の刃 炭治郎 フィギュア
鬼滅の刃 特装版　同梱版　全部セット
鬼滅の刃 ゆらゆらヘッド 12種セット
鬼滅の刃 フィギュア-鬼ノ装-拾伍の型 獪岳
鬼滅の刃 おねむたん スペシャルリミックス弍 時透無一郎 2点セット
鬼滅の刃 HYOKOFIG 童磨 フィギュア
鬼滅の刃　すやすやオンザケーブル　4点
一番くじ 鬼滅の刃 姉の仇 冨岡義勇 ちょこのっこフィギュア
鬼滅の刃　ぬーどるストッパー　甘露寺蜜璃　フィギュア　ラウンドワン
鬼滅の刃　猗窩座フィギュア2体セット
禰豆子 フィギュア 鬼滅の刃 絆ノ装 ねずこ 竈門禰豆子
鬼滅の刃 ちょこっとひっかけフィギュアぷち 時透無一郎
鬼滅の刃一番くじ　ちょこのっこ、ラバスト
鬼滅の刃 すわらせ隊 2 栗花落カナヲ
一番くじ 鬼滅の刃 〜いざ刀鍛冶の刀里へ〜 A賞 甘露寺蜜璃 フィギュア
鬼滅の刃　胡蝶しのぶ　栗花落カナヲ　Qposket フィギュア
鬼滅の刃　童磨　ちょこのっこ　一番くじ　E賞　上弦の参
鬼滅の刃一番くじあいさくなった竈門禰豆子 フィギュア
鬼滅の刃 おねむたん
一番くじ 鬼滅の刃 D賞 ちょこのっこフィギュア 狛治 恋雪
劇場版　鬼滅の刃　無限列車編 煉獄杏寿郎 1/8スケールフィギュア
鬼滅の刃 フィギュア　クリスマスセール
鬼滅の刃 一番くじ 上限の弐 〜姉の仇〜童磨　フィギュア
鬼滅の刃 ちょこのせ プレミアムフィギュア 柱合会議 胡蝶しのぶ 煉獄杏寿郎
鬼滅の刃一番くじ 〜姉の仇〜　嘴平伊之助
鬼滅の刃きゅるみー フィギュア５個セット
鬼滅の刃 HYOKOFIG　禰豆子　フィギュア 初音ミク フィギュア ザクぐるみ
鬼滅の刃 鬼化禰豆子 フィギュア
鬼滅の刃 フィギュア 暴かれた刀鍛冶の里 A,B,C,D賞
鬼滅の刃　一番くじ　フィギュア　不死川実弥　開封品　A賞
一番くじ 鬼滅の刃 ～雷の兄弟～ A賞 我妻善逸 MASTERLISEフィギュア
鬼滅の刃　煉獄杏寿郎　猗窩座　Grandista　フィギュア
鬼滅の刃　一番くじ A賞 煉獄杏寿郎　MASTERLISE フィギュア
鬼滅の刃　一番くじ 柱稽古 A賞 不死川実弥
一番くじ ちょこのっこ
栗花落カナヲ　鬼滅の刃　ゆらゆらヘッド　32
鬼滅の刃　おねむたん　まとめ売り
鬼滅の刃　一番くじ　姉の仇　A賞　フィギュア　胡蝶しのぶ　クリアポスター
アニメ 鬼滅の刃 フィギュア 鬼ノ装 拾伍の型 獪岳 ２個セット
鬼滅の刃　きゅるみー　煉獄杏寿郎
鬼滅の刃 一番くじ C賞 LAYER SCAPE フィギュア 冨岡義勇
カラコレ 鬼滅の刃 第2弾　6種セット
鬼滅の刃 HYOKOFIG 童磨 2個セット　フィギュア
鬼滅の刃　フィギュア　プライズ　胡蝶しのぶ
鬼滅の刃　Luminasta　胡蝶しのぶ　フィギュア　ルミナスタ
鬼滅の刃 もちぴこ 不死川実弥 マスコット ぬいぐるみ
美品　鬼滅の刃　猗窩座　おねむたん
鬼滅の刃　一番くじ　ちょこのっこフィギュア 他 悲鳴嶼行冥　竈門炭治郎
鬼滅の刃 Qposket petit 悲鳴嶼行冥 キューポス ミニ フィギュア
【新品未開封】鬼滅の刃 堕姫 & 童磨 フィギュアセット
鬼滅の刃 おねむたん 不死川玄弥
【期間限定値下げ！】ハグコット&ワーコレ 栗花落カナヲ 鬼滅の刃
おねむたん鬼滅の刃 玄弥
鬼滅の刃 YURAYURA HEAD ゆらゆらヘッド 甘露寺蜜璃 伊黒小芭内
【送料込】鬼滅の刃　YURAYURA HEAD ゆらゆらヘッド　時透無一郎
鬼滅の刃 一番くじ 伊黒 甘露寺セット
鬼滅の刃 ちょこのせ 冨岡義勇 錆兎 フィギュア 2体セット
鬼滅の刃 おひるねこ 6個セット
呪術廻戦 呪祓ノ術 脹相 フィギュア
鬼滅の刃　フィギュア　VIBRATION STARS 伊黒 小芭内 不死川 実弥
呪術廻戦 一番くじ 虎杖悠仁
呪術廻戦 Luminasta 五条悟 最強の二人
呪術廻戦　フィギュア
呪術廻戦　虎杖悠仁　乙骨憂太　黒閃　フィギュア 2体セット
呪術廻戦 MAXIMATIC SATORU GOJO 五条悟
一番くじ 劇場版 呪術廻戦0 ～顕現～ B賞 五条悟フィギュア
呪術廻戦　五条悟　ルミナスタ　フィギュア
呪術廻戦　フィギュア　2点まとめ売り　五条　真人　呪祓ノ術
呪術廻戦 呪祓ノ術 伏黒甚爾 フィギュア
SEGA 呪術廻戦 狗巻棘 フィギュア 5周年記念
【ラウンドワン限定】伏黒恵 Luminasta 呪術廻戦 5周年記念 フィギュア
一番くじ　呪術廻戦　M賞
呪術廻戦 五条悟 フィギュア
呪術廻戦　懐玉・玉折 FIGURIZMα 五条悟　フィギュア
呪術廻戦　Grandista 　五条悟　フィギュア
新品未開封　呪術廻戦
呪術廻戦 FIGURIZMA フィギュア
呪術廻戦 箱あり フィギュア　宿儺　呪祓ノ術
プレミアムバンダイ　呪術廻戦　獄門疆　【未開封・新品】
【2種セット】呪術廻戦 Yumemirize フィギュア 五条悟 夏油傑
呪術廻戦
呪術廻戦 FIGURIZMα 脹相 赫鱗躍動・載
ラウンドワン 呪術廻戦 5周年 Luminasta 乙骨憂太 フィギュア
呪術廻戦 ロフト PLAZA ジロリフィギュアコレクション 五条悟
呪術廻戦　虎杖悠仁グッズまとめ売りC
呪術廻戦 フィギュア　3個セット 乙骨、伏黒恵、腸相
【未開封品】一番くじ 呪術廻戦 渋谷事変 ～肆～　B賞、E賞 2点セット
【ラウンドワン限定】呪術廻戦 狗巻棘 5周年記念フィギュア
呪術廻戦 五条悟 MAXIMATIC フィギュア
呪術廻戦 5th anniversary フィギュアラストワン賞(新品・未開封)
呪術廻戦 Luminasta 夏油傑／五条悟 3体セット
呪術廻戦 一番くじ 懐玉・玉折 D賞 五条悟
呪術廻戦MAXIMATIC 五条悟 フィギュア
呪術廻戦 カプセルトイ 缶バッジ フィギュア
呪術廻戦 伏黒恵 ヌードルストッパーフィギュア
呪術廻戦Grandista ITADORI YUJIフィギュア
呪術廻戦 夏油傑 フィギュア FIGURIZMα
呪術廻戦★ダイソー★ラバーフィギュア★五条悟★ JIToT／じとっと★かわいい③
劇場版 呪術廻戦 0 一番くじ 乙骨 憂太 フィギュア / ゼロ
呪術廻戦 FIGURIZMα 夏油傑　フィギュア
呪術廻戦 虎杖悠仁 ヌードルストッパーフィギュア 2個セット
呪術廻戦 MAXIMATIC SATORU GOJO 五条悟 フィギュア 新品
呪術廻戦 箱あり フィギュア　虎杖悠仁　FIGURIZM
呪術廻戦 両面宿儺 フィギュア 一番くじ ラストワン賞
呪術廻戦 虎杖悠仁 フィギュア Luminasta 黒閃
呪術廻戦 一番くじ　M賞　懐玉・玉折　フィギュア　5th anniversary
呪術廻戦 セガラッキーくじ B賞 伏黒恵　フィギュア
呪術廻戦 コレクションフィギュア 海辺 狗巻棘 七海建人
呪術廻戦　おねむたん　両面宿儺
五条悟 フィギュア　一番くじ 呪術廻戦 渋谷事変　ラストワン賞
呪術廻戦　伏黒恵　フィギュア
呪術廻戦　FIGURIZMα　“脹相”赫鱗躍動・載
呪術廻戦 フィギュア 空箱 13点 五条悟 夏油傑　⚠️空箱のみフィギュア無し
呪術廻戦 おっこつゆうた　リカ　フィギュア
【未開封】メガハウス 呪術廻戦 五条悟 1/8 完成品フィギュア
呪術廻戦　フィギュア　3点セット
呪術廻戦　祓ったれ本舗　フィギュア　五条悟　夏油傑
SEGA Luminasuta 呪術廻戦 渋谷事変 虎杖悠仁 フィギュア
グランディスタ BLEACH 黒崎一護＆呪術廻戦 五条悟セット
呪術廻戦　フィギュア　ぬーどるストッパー　ラーメン　五条　夏油
呪術廻戦フィギュア2体セット五条、乙骨【おまけ付き】
呪術廻戦 脹相　フィギュア
呪術廻戦フィギュア　五条悟　宿儺　5点セット　まとめ売り　新品未開封
呪術廻戦　フィギュア　五条悟　漏瑚　宿儺　伏黒恵
呪術廻戦 五条悟 フィギュア
【新品未開封】 呪術廻戦 五条悟 Qposket & TOONIZE
【未開封】即購入⭕️ 呪術廻戦 フィギュア 2点セット
【まとめ売り】呪術廻戦　フィギュア
呪術廻戦 一番くじ 弐 虎杖悠仁 伏黒恵 フィギュア
呪術廻戦 MAXIMATIC フィギュア 伏黒恵虎杖悠仁　〈新品・未開封〉
呪術廻戦フィギュア 4体セット
五条悟 呪術廻戦 フィギュア 高専Ver メガハウス 高専 懐玉・玉折 ED
呪術廻戦 ぬーどるストッパーフィギュア 五条悟&虎杖悠二 エンディング衣装ver
呪術廻戦 5周年 Luminasta フィギュア 乙骨優太 狗巻棘 2点
呪術廻戦　リカちゃん　フィギュア
呪術廻戦 五条悟 フィギュア MAXIMATIC SATORU GOJO Ⅱ
呪術廻戦フィギュア　五条悟　宿儺　2個セット
Grandista GOJO SATORU 五条悟 呪術廻戦 2体セット
呪術廻戦　五条悟　king of artist キングオブアーティスト
呪術廻戦 箱あり フィギュア　虎杖悠仁　呪魂ノ型
ラウンドワン限定　フィギュア 『呪術廻戦』5周年 Luminasta 6点セット
ラウンドワン限定　アニメ『呪術廻戦』5周年 Luminasta“五条悟”
呪術廻戦 宿儺 Qposket キューポスケット フィギュアA
Qposket 狗巻棘フィギュア
呪術廻戦　最強の二人　Luminasta 五条悟　夏油傑　フィギュア　セット
呪術廻戦 伏黒甚爾フィギュア
呪術廻戦FIGURIZMα“脹相”赫鱗躍動・載 フィギュア　2個
呪術廻戦　脹相　赫燐躍動・載　Figurizmα
宿儺 フィギュア 呪術廻戦
★呪術廻戦 0 MAXIMATIC YUTA OKKOTSU　乙骨憂太
【未開封品】フィギュア 五条悟 渋谷事変 壱 ラストワン賞 呪術廻戦 一番くじ
呪術廻戦　五条悟　フィギュアーツZERO　新品未開封
POP UP PARADE L 呪術廻戦 劇場版0 祈本里香 フィギュア
呪術廻戦 虎杖悠仁 5周年 ラウンドワン luminasta 2体
figma 虎杖悠仁 呪術廻戦
呪術廻戦　肩ズンFig.　七海＋灰原　2個セット
ラウンドワン　呪術廻戦　5周年 Luminasta 乙骨憂太　フィギュア
SPY×FAMILY アーニャ& ボンド　フィギュア
呪術廻戦.卓上領域展開フィギュア他　未開封7点セット
呪術廻戦 七海建人 ナナミン ガレージキット フィギュア。
SPY×FAMILY SHFiguarts ロイド、ヨル
SPY×FAMILY PUCHIEETE FIGURE アーニャ・フォージャー
SPY×FAMILY Anya Forger フィギュア 2体セット
アーニャ＆ヨル 「SPY×FAMILY」 1/7 プラスチック製塗装済み完成品
SPY×FAMILY アーニャ フィギュア　ブランケット
SPY×FAMILY Loid Forger フィギュア 約15cm
SPY×FAMILY フィギュア アーニャ姫
【新品未開封】SPY×FAMILY アーニャ ぬーどるストッパーフィギュア
SPY×FAMILY アーニャ　おでけけ　フィギュア　スパイファミリー
SPY FAMILY フィギュア シルバー
【中古】フィギュア アーニャ・フォージャー(B) 「SPY×FAMILY」 ぬーどるストッパーフィギュア-アーニャ・フォージャー2-
一番くじ スパイファミリー　SPY×FAMILY A賞フィギュア アーニャ
SPY×FAMILY Luminasta Anya フィギュアセット
【中古】トレーディングフィギュア アーニャ・フォージャー 「SPY×FAMILY おひるねこミニフィギュアVol.4(EX)」
SPY×FAMILY フィギュア 5点セット アーニャ ロイド ヨル
SPY×FAMILY アーニャ　フィギュア　Qposket B
ねんどろいど アーニャ・フォージャー 「SPY×FAMILY」
SPY×FAMILY (ヨル・フォージャー)いばら姫
【箱なし発送】SPY×FAMILY School style-アーニャ
劇場版 SPY×FAMILY アーニャ・フォージャー フィギュア 3種セット
SPY×FAMILY スパイファミリー ロイド・フォージャー フィギュア
アーニャ&ボンドフィギュア　A賞SPY✖️FAMILY 非販売品　美品
SPY×FAMILY ヨル・フォージャー フィギュア
SPY×FAMILY ロイドとアーニャのフィギュア
フィギュア　ヨル・フォージャー 「SPY×FAMILY」 プレミアムフィギュア(ヨル・フォージャー)パーティー
SPY×FAMILY フィギュアセット ロイド・アーニャ・ヨル　おまけ付き
SPY×FAMILY カプセルフィギュアコレクション アーニャ ボンド
SPY×FAMILY Qposket フィギュア
一番くじ　スパイファミリー　ちょこのっこ アーニャ　ボンド
SPY×FAMILY ロイド ヨル アーニャ ボンド フィギュア セット
SPY×FAMILY Paldolce collection vol.1 ボンド
SPY×FAMILY アーニャ フィギュア Luminasita ぱじゃま
SPY×FAMILY ヌードルストッパー　アーニャ　全8巻　漫画　フィギュア
SPY×FAMILY アーニャ ほーるどフィギュアミニ 2種セット 新品未開封
【土日限定お値下げ】チェンソーマン・SPY×FAMILY フィギュア
SPY×FAMILY ヨル・フォージャー フィギュア
スパイファミリー Break time collection アーニャ 2種
SPY×FAMILY みんなのばとるにつかうやつ ベッキーのひとのびりびり
SPY×FAMILY 　ヨルフォージャー　フィギュア3体セット
新品 SPY×FAMILY フィギュア ボンド・フォージャー
SPY×FAMILY 一番くじ　ラストワン賞
POP MART Spy × Family シリーズ/アーニャShock
【新品未開封】スパイファミリー　フィギュア　アーニャ　パジャマ　2個セット
スパイファミリー　アーニャ姫＆ヨル　フィギュア2体セット　新品未開封
【U1-14】◇ SPY×FAMILY アーニャ　ボンド　フィギュア　一番くじ　A賞
【新品未開封】スパイファミリー アーニャ・フォージャー フィギュア
SPY×FAMILY スパイファミリー フィギュア アーニャ
SPY×FAMILY ~家族写真フィギュア~アーニャ＆ボンド　開封済み箱あり
スパイファミリー　SPY×FAMILY おひるねこ アーニャ 全種セット
SPY×FAMILY アーニャ Qposket フィギュア
SPYFAMILY スパイファミリーフィギュアセット
新品 未開封 SPY×FAMILY ロイド・フォージャー フィギュア SEGA
SPY×FAMILY プチエット プレミアム アーニャ・フォージャー 2体
スパイファミリー　アーニャ　ボンド　ダミアン　ガチャガチャ　フィギュア　セット
SPY×FAMILY アーニャ・フォージャー フィギュア
SPY×FAMILY アーニャ・フォージャー プレミアムフィギュア
SPY×FAMILY DXF-ヨル・フォージャー-rose flower
SPY×FAMILY DXF-ヨル・フォージャー-rose flower
SPY×FAMILY DXF-ヨル・フォージャー-rose flower
SPY×FAMILY ちょこのせプレミアムフィギュア 3点セット
SPY×FAMILY Qposket ダミアン・デズモンド
SPY×FAMILY 1番くじ ラストワン賞 セット
SPY×FAMILY ESPRESTO アーニャ・フォージャー Another
一番くじ SPY×FAMILY アーニャ フィギュア
＊【値下げ中！】 SPY×FAMILY ルームライト～ボンド～　フィギュア
一番くじ スパイファミリー　SPY×FAMILY A賞フィギュア アーニャ
SPY×FAMILY アーニャ フィギュア　4点
フィギュア　ロイド・フォージャー 「SPY×FAMILY」 Break time collection ロイド・フォージャー
美品★SPY×FAMILY 万年カレンダー　フィギュア
SPY×FAMILY みんなのばとるにつかうやつ おじのてじょう
SPY×FAMILY フィギュア パーティ アーニャ ロイド ヨル 3点セット
SPY×FAMILY Fluffy Puffy BOND FORGER ボンド
【新品未開封】SPY×FAMILY Tip'n'Pop ヨル・フォージャー
SPY×FAMILY アーニャ フィギュア 未開封
スパイファミリー　SPY×FAMILY フィギュア　パジャマ　アーニャ&ペンギン
spy×family フィギュア まとめ売り
SPY×FAMILY ジオラマフィギュア プチラマシリーズ
【スパイファミリー】アーニャ・フォージャーフィギュア
アーニャ　箱入りSPY×FAMILY
BANDAI SPY×FAMILY Anya Forger フィギュア
SPY×FAMILY スマホスタンド アーニャ　スパイファミリー
スパイファミリー EXcood アーニャ・フォージャー
SPY×FAMILY プレミアムフィギュア　パーティ 3体セット　プライズ新品
アーニャ フィギュア SPY×FAMILY Luminasta おしゃれコーデ
SPY×FAMILY アーニャ フィギュア ESPRESTO
SPY×FAMILY アーニャ フィギュア
SPY×FAMILY　スパイファミリー　プレミアムフィギュア　3点
一番くじ SPY×FAMILY B賞 ちょこのっこフィギュアセット
SPY×FAMILY プレミアムフィギュア アーニャ・フォージャー パーティ
【送料無料】Qposket アーニャ フォージャー スパイファミリー
SPY×FAMILY スマホスタンド アーニャ・フォージャー
SPY×FAMILY フィギュア Break time アーニャ＆ボンド
SPY×FAMILY アーニャ プレミアムフィギュア
SPY×FAMILY アーニャ　フィギュア
Luminasta （ロイド・フォージャー）黄昏 ～missionextend～
スパイファミリー　フィギュア
SPY×FAMILY スパイファミリー　フィオナフロスト　フィギュア
【U1-51】SPY×FAMILY フィギュア アーニャ・フォージャー　vol1.4
SPY×FAMILY チャビーコレクション ロイド・フォージャー パステルカラー
推しの子 フィギュア 3点まとめ売り 未開封
推しの子 Collection 1フィギュア 黒川あかね 約5cm
【推しの子】 T-most フィギュア 星野アイ
【未開封】推しの子 星野アイフィギュア
推しの子 Collection 2 アクアフィギュア 約50mm
推しの子 MEMちょ フィギュア バンダイ
推しの子 Collection 2 フィギュア MEMちょ　約5cm
推しの子 Collection 2 フィギュア アイ
推しの子 Corefulフィギュア アイ〜B小町ver.
【匿名配送】推しの子 有馬かな ピーマン体操ver. プチエットシリーズ
推しの子 ESPRESTO-Excite Motions-星野アイ
【推しの子】 黒川あかね フィギュア Trio-Try-iT トリオトライト
廣*み様 【推しの子】有馬かな フィギュア
推しの子 Desktop Cute 有馬かな フィギュア
【新品／未開封】推しの子　星野アイ　アイーサインはB フィギュア　匿名配送
BANDAI 推しの子 Relax time 2体セット
推しの子　Trio-Try-iT Figure 黒川あかね
【新品未使用】推しの子 アイ-サインはB- フィギュア
推しの子 アイサインは Bフィギュア
推しの子 フィギュア 5体セット
推しの子 Relax time フィギュア 有馬かな MEMちょ 2体
未開封　【推しの子】　ルビー Date Style Ver.　フィギュア
推しの子 アイ- サインはB- 星野アイ フィギュア B小町
推しの子セット　５体
ラウワン限定リゼロ+推しの子　他フィギュア9点セット
推しの子 星野アイ かな フィギュア 6箱セット フィギュア1体付き
【新品未開封】推しの子フィギュア5体セット
【推しの子】 黒川あかね フィギュア-鞘姫役ver.-
一番くじ 推しの子 B賞 黒川あかね フィギュア
推しの子 アクリルキーホルダー まとめ
推しの子 有馬かな フィギュア
【 推しの子 】フィギュア (⭐新品未開封⭐安心のメルカリ便⭐)
推しの子　フィギュア　2体セット
推しの子アイ ぬーどるストッパーフィギュア ラウンドワン限定版
【中古】フィギュア 星野瑠美衣(ルビー) 「【推しの子】」 フィギュア 『POP IN 2』ver.
【推しの子】ブライダルドレス フィギュア3体セット（アイ・ルビー・有馬かな）
推しの子 タイトーくじ フィギュア アイ
推しの子 ラウンドワン限定 ストッパーフィギュア アイ
【P2-98】◇ 推しの子 有馬かな フィギュア ツルギ役ver.
【推しの子 有馬かな フィギュア セット】AirFlow ブライダルドレス 他
ホシノアイ　推しの子フィギュア
推しの子 有馬かな フィギュア3種セット
推しの子 ぴえヨン ルームライト
【匿名発送‼️2点❗️アイ】推しの子 T-most フィギュア
推しの子　T-most 星野アイ　フィギュア
【推しの子】 ぬーどるストッパーHave a good night!3種類セット
【推しの子】 アイ-サインはB-フィギュア
未開封 推しの子 黒川 あかね フィギュア
【未開封】推しの子 有馬かな 私服デートフィギュア
推しの子 MEMちょ フィギュア
ヌードルストッパー 推しの子 星野アイ フィギュア 星野アイ ヌードルストッパー
推しの子 有馬かな　ROUND1限定 ぬーどるストッパーフィギュア 箱無し
推しの子 フィギュア MEMちょホワイトドレス
推しの子　星野アイ フィギュア
推しの子 MEMちぃ 1/8スケールフィギュア
【推しの子】 Sweet Sailor Style A賞 有馬かな フィギア
推しの子 OSHINOKO フィギュア アイ チアリーディングVer 新品未開封
【推しの子】星野アクア　フィギュア　あどけねっと
【推しの子】星野アイ Trio-Try-iT Figure
推しの子 全力造形フィギュア MEMちょ
推しの子 フィギュア 2体セット ルビー 有馬かな
推しの子　フィギュア　まとめ売り④
☆推しの子 星野アイ フィギュア ぬーどるストッパー アイ☆
推しの子 一番くじ Actors x Job 有馬かな フィギュア A賞
推しの子　フィギュアキーホルダー　星野アイ
推しの子Collection2MEMちょ 黒川あかね 即購入OK ミニフィギュア
推しの子 ちょこのせ プレミアムフィギュア 黒川あかね
OSHI NO KO フィギュア　推しの子
推しの子 黒川あかね フィギュア 新品 箱無し セガ SEGA ちょこのせ
【即購入可】 推しの子　有馬かな　星野アイ　水着2点セット
【推しの子】ぬーどるストッパーフィギュア-星野アイ
144.推しの子　Desktop×DecorateCollections あかね
推しの子　パルパース　ルビー　アクア　メムチョ　かな
【匿名配送】推しの子 プレミアムフィギュア アイ　GIGO限定　未開封
【新品未開封】推しの子　タイトーくじ　LH賞　有馬かな　フィギュア
推しの子Luminasta 有馬かな フィギュア
推しの子 まとめ売り　26点セット
推しの子　ぬーどるストッパーフィギュア　黒川あかね　アイ　ラウンドワン限定
推しの子　フィギュア
推しの子ぬーどるストッパー有馬かな黒川あかねアイ3体セット
【推しの子】Oshi no Ko フィギュア
推しの子 有馬かな フィギュア
【未開封】推しの子　プライズ　 3点セット ルビー 有馬かな MEMちょ
推しの子 星野アイ 一番くじ ラストワン賞 アートスケールフィギュア
【アイ】推しの子 T-most アイ フィギュア
推しの子　Desktop Cute フィギュア　有馬かな
有馬かな 全力造形フィギュア 推しの子
推しの子フィギュア
【推しの子】　Coreful フィギュア　ルビー～制服ver.〜
推しの子 フィギュア 3点セット
【卒業】推しの子　星野アイ　他　フィギュア　ぬいぐるみ　セット
推しの子 フィギュア 4体セット　開封品
推しの子　フィギュア　まとめ売り②
推しの子 プライズフィギュア 8種セット
推しの子 アイ フィギュア T-most B小町
Vivit フィギュア 有馬かな ピーマン体操×2
推しの子♡フィギュア　セット
有馬かな　フィギュア 推しの子
推しの子★ルビー フィギュア
AMP+ フリーレン　葬送のフリーレン　フィギュア　TAITO
【中古】フィギュア 星野アイ 「【推しの子】」 ぺたっとおすわりフィギュア
葬送のフリーレン 新作フィギュア 4点セット
葬送のフリーレン フィギュア
葬送のフリーレン　Desktop Cute フィギュア　断頭台のアウラ
Luminasta “フェルン”～一般攻撃魔法～
葬送のフリーレン フィギュア　3点セット
葬送のフリーレン Coreful ユーベル 箱無し
葬送のフリーレン　Coreful フィギュア　フリーレン～ドレスver.～
葬送のフリーレン フィギュア ユーベル
『葬送のフリーレン』XStellar “フェルン”～とある祭りにて～
葬送のフリーレン　フィギュア　セット
葬送のフリーレン フリーレン -むふーver-フィギュア
【未開封新品】葬送のフリーレン　フィギュア2点セット
葬送のフリーレン フィギュア 2体セット
葬送のフリーレン ルミナスタ、Desktop ユーベル、アウラ フィギュア 2個
葬送のフリーレン　一眠り　フリーレン　フェルン　セット　箱付き
【葬送のフリーレン】ユーベル　Luminastaフィギュア【未開封】
葬送のフリーレン フェルン
葬送のフリーレンYumemirize“フリーレン”～一眠り～
葬送のフリーレン プライズ フィギュア 4点 まとめ売り
葬送のフリーレンフィギュア
葬送のフリーレン　フィギュア　むふー　バージョン
葬送のフリーレン　Desktop Cute フィギュア　断頭台のアウラ
AMP+フリーレン フィギュア
葬送のフリーレンフィギュアセット
葬送のフリーレン　Coreful フィギュア　ユーベル　大体なんでも切る魔法
ちょこのせ　プレミアムフィギュア　シュタルク　葬送のフリーレン
まとめ売り！ 葬送のフリーレン フィギュア7体セット
【新品未使用】葬送のフリーレン Desktop Cute フィギュア 2個セット
【未開封】葬送のフリーレン フリーレン＆フェルン＆ユーベル＆アウラ
葬送のフリーレン ESPRESTO Flower Crown 2種セット
葬送のフリーレン フリーレンの杖
葬送のフリーレンCoreful フィギュア　フリーレン
葬送のフリーレン フィギュア
❣️葬送のフリーレン Glasscape フィギュア 全2種セット
葬送のフリーレン　プライズフィギュア　まとめ売り
葬送のフリーレン フリーレン フィギュア トランク デスクトップキュート
葬送のフリーレン　おひるねこ　ミニフィギュア　フリーレン
葬送のフリーレン XStellar とある祭りにて フリーレン フェルンセット
葬送のフリーレン フェルン Luminasta メイドコスチューム
葬送のフリーレン エルココ フィギュア1/7
葬送のフリーレン Yumemirize フェルン 一眠り
葬送のフリーレンフィギュアセット
葬送のフリーレン 断頭台のアウラ
BANDAI 葬送のフリーレン フリーレン むぶ-ver.
葬送のフリーレン Coreful フィギュア フリーレン～ドレスver.～
SEGA Yumemirize 葬送のフリーレン フィギュア
TAITO Desktop Cute 葬送のフリーレンアウラ 3個セット
葬送のフリーレン フィギュア ルミナスタ 未開封
葬送のフリーレン ぬーどるストッパー　フィギュア
葬送のフリーレン　フィギュア
葬送のフリーレン 眠り Yumemirize フィギュア 2体セット
葬送のフリーレン フィギュア XStellar フリーレン&フェルンセット
葬送のフリーレン　フィギュア　ちょこのせ
葬送のフリーレン フェルン 冬服 フィギュア
葬送のフリーレン　Derktop Cute フィギュア　断頭台のアウラ　×4
葬送のフリーレ Yumemiraize あの頃 フリーレン フェルン 2種セット
葬送のフリーレン　フィギュア　計6点
最新含む 葬送のフリーレン フィギュア まとめ売り 9点
葬送のフリーレン　フィギュア２点セット
プライズ品　葬送のフリーレン　フィギュア　5点セット　まとめ売り
葬送のフリーレン　Desktop Cute フィギュア　断頭台のアウラ
【匿名配送】葬送のフリーレン　Desktop Cute　フリーレン　フェルン
葬送のフリーレンアウラ & ÜBEL フィギュアセット未開封
【新品未使用】葬送のフリーレン フィギュアDesktop Cute
葬送のフリーレン フィギュア XStellar フリーレン&フェルンセット
葬送のフリーレン フリーレン フェルン とある祭りにて フィギュア 2種
葬送のフリーレン フィギュア セット
Trio-Try-it Figure 葬送のフリーレン　フェルン　フィギュア
葬送のフリーレン フリーレン フェルン エクステラ フィギュア
葬送のフリーレン 断頭台のアウラ フリーレン3点セット
葬送のフリーレン Luminasta ルミナスタ　ユーベル 2体セット
プチラマEX　葬送のフリーレン シュタルク　 フィギュア
葬送のフリーレン フィギュア 5体セット
葬送のフリーレン　Luminasta　フリーレン～インミミック～　 3点セット
葬送のフリーレン　Desktop Cute フィギュア　断頭台のアウラ
葬送のフリーレン フィギュア まとめ売り
葬送のフリーレンフィギュア 6体セット【開封済・箱なし】
葬送のフリーレン　Desktop Cute フィギュア　断頭台のアウラ
葬送のフリーレン　おひるねこ2点セット　シュタルクandフェルン
葬送のフリーレン　眠り　フィギュア
⭐葬送のフリーレン⭐２体セット⭐とある祭りにて⭐メイドコス⭐
葬送のフリーレン　プライズフィギュア　まとめ売り　10個セット
葬送のフリーレン XStellar フリーレン　フェルン　2点セット
【未開封・未使用】 葬送のフリーレン フィギュア 4点セット 匿名配送
葬送のフリーレン MAXIMATIC FRIEREN
葬送のフリーレンフィギュア23点まとめ売り
葬送のフリーレン　XStellar　“フェルン”～とある祭りにて～
葬送のフリーレン 9体セット まとめ売り
葬送のフリーレン Luminasta フォーリヒにて 2体セット
葬送のフリーレン　未開封フィギュア15体セットまとめ売り
葬送のフリーレン　XStellar フリーレン フェルン フィギュア 2体セット
Coreful フィギュア 葬送のフリーレン タイトー 新品未開封
葬送のフリーレン XStellar 〜とある祭りにて〜 フリーレン フェルン
【葬送のフリーレン】断頭台のアウラ　Desktop Cute　フィギュア２点
葬送のフリーレン フィギュア 2体セット
葬送のフリーレン フリーレン フェルン フィギュア 6個セット まとめ売り
葬送のフリーレン　フィギュア4種セット
葬送のフリーレン Desktop Cute アウラ 6体セット フィギュア
葬送のフリーレン　デスクトップキュート断頭台のアウラ　グラスコープフリーレン
最安値ハイキュー！！ハッピーくじ　ラストワン賞　牛島若利 フィギュア
ハッピーくじ ハイキュー 及川フィギュア
ハイキュー！！ 角名倫太郎 るかっぷ ファンパーク コースター
ハイキュー‼︎ PalVerse vol.2 西谷夕
ハイキュー!! 劇場版 ゴミ捨て場の決戦　フィギュア 研磨・黒尾
日向翔陽 フィギュア ハイキュー!! 10
ハイキュー　セット
ハイキュー　お座りミニフィギュア
肩ズンFig.ハイキュー!! 4種セット
ハイキュー!! 及川徹 フィギュア 01
ハイキュー‼︎ ハピふぃぎゅっ vol.2 【全4種類コンプリートセット】
ハイキュー パルバース2 木兎光太郎
ハイキュー!! 影山飛雄 フィギュア 9
ハイキュー!! フィギュアセット
ハイキュー!! ハピふぃぎゅっ vol.2 孤爪研磨 黒尾鉄朗 2点セット
ハイキュー　月島蛍　フィギュア
ハイキュー!! happyくじ　岩泉一 フィギュア 、アクリルキーホルダー
ハイキュー!!　パルバース　及川徹　フィギュア
ハイキュー!!　ぬーどるストッパーフィギュア　月島蛍
ハイキュー!! ミニフィギュア 6体セット
ハイキュー 一番くじ A賞　木兎光太郎 フィギュア、おまけ　牛島アクリルチャーム
ハイキューガチャ 黒尾
ハイキュー ガチャガチャ こっちむいてFig.日向翔陽 影山飛雄 山口忠
ハイキュー‼︎ 月島蛍　フィギュア
Happyくじ　ハイキュー!! 影山飛雄　B賞 フィギュア
ハイキュー　フィギュア
ハイキュー!! 及川徹 フィギュア Happy くじ
ハイキュー‼︎ ぬーどるストッパーフィギュア
未開封品 Happyくじ ハイキュー！！ B賞 影山飛雄 フィギュア
ハイキュー日向フィギュア
(未開封新品)ハイキュー!! 813販売 山口 忠
ハイキュー!! 孤爪研磨フィギュア B賞
新品未開封ハイキュー　ぬーどるストッパー月島蛍
▲ハッピーくじ ハイキュー!! LAST賞、A賞、B賞×2（牛島若利、日向翔陽、影山飛雄×2）4つセット 未開封品 smtketc092627
ハイキュー!! Happyくじ ラストワン賞 牛島若利 ＋おまけ
ハイキュー ぬーどるストッパーフィギュア 月島蛍
ハイキュー！！ 一番くじ ベアブリック ラストワン
ハイキュー!! ぬーどるストッパーフィギュア 月島蛍
Creator×Creator ハイキュー 影山飛雄 及川徹 バラ売り不可
ハイキュー バンプレスト 及川徹 月島蛍プライズフィギュア
【ハイキュー!!】ぬーどるストッパーフィギュア-月島蛍-
kntoy58-1629 ハイキュー　ラストワン 牛島若刊　フィギュア
PalVerse パルバース ハイキュー 黒尾鉄朗 フィギュア 新品 最安値
ハイキュー!! ポージングフィギュア 木兎光太郎 赤葦京治
ハイキュー!!　すやすやルームライト　影山飛雄
ハイキュー　起き上がりこぶし　黒尾　研磨
ハイキュー!! 肩ズンFig.校章バッジ
ハイキュー　ハッピーくじ　1番くじ　及川徹　岩泉一　ペアフィギュア
パルバース　ハイキュー
ハイキュー!! ぬーどるストッパー月島蛍 フィギュア
ハイキュー こっちむいて 黒尾鉄朗 ガチャガチャ フィギュア
ハイキュー　黒尾鉄朗　孤爪研磨　フィギュア　ぬーどるストッパー
ハイキュー!!　牛島
【迅速発送】アクロス ハイキュー!! 稲荷崎高校 ビニール傘 60cm 直径100cm 全長84cm POE/PP/FRP AKRHKU031-I
ハイキュー　ポージングフィギュア 影山飛雄・日向翔陽セット
【大安売り】アクロス ハイキュー!! 稲荷崎高校 ビニール傘 60cm 直径100cm 全長84cm POE/PP/FRP AKRHKU031-I
ハイキュー パピふぃぎゅっ 日向翔陽
ハイキュー　チョコエッグ　北信介
ハイキュー‼︎ Happyくじ B賞 影山飛雄
【セット売り】ハイキュー!! くじ 岩泉一 フィギュア&アクキー&ポストカード
ハイキュー!! 月島 蛍 フィギュア 約22cm
ハイキュー!! きゅるみー ミニフィギュア 月島蛍
ハイキュー!! 月島 蛍 ぬーどるストッパー　フィギュア 約15cm 未開封
ハイキュー!! 黒尾鉄朗 PalVerse パルバース フィギュア
PalVerse　パルバース　ハイキュー!! vol.2 赤葦京治　フィギュア
おねむたん ハイキュー vol.2 牛島若利
ハイキュー‼︎ ねんどろいどさぷらいず 全国大会編 孤爪 研磨
ハイキュー!! ぬーどるストッパーフィギュア 月島蛍 2体セット
ハイキューぬーすとフィギュア【月島蛍】
ハイキュー!! ハピふぃぎゅっ vol.2 孤爪研磨 黒尾鉄朗 2点セット
体パーツ+台座+ボール ねんどろいど 灰羽リエーフ ハイキュー!! ユニフォーム
ハイキュー 日向翔陽 マグネット
ハイキュー!!Happyくじ　A賞 日向翔陽 フィギュア
ハイキュー!! ハピふぃぎゅっ vol.1　全４種類セット
ハイキュー‼︎「日向翔陽」フィギュア
【中古】フィギュア 全3種セット 「ハイキュー!!」 ボールフィギュア
【NPA】① 未開封品 ハイキュー 赤葦京治 ねんどろいど 723
新品 一番くじ 劇場版ハイキュー‼︎ゴミ捨て場の決戦 B賞 黒尾鉄朗フィギュア
ハイキュー 孤爪研磨 アクリルスタンド【最終値下げ】
ハイキュー!!　るかっぷ　月島蛍　ユニフォームVer.
人形アニメハイキュー!! フィギュア ２種セット
ハイキュー palverse 山口 西谷
ハイキュー‼︎　月島蛍　ねんどろいど
ハイキュー‼︎ 一番くじ　A賞木兎光太郎フィギュア　　　B賞赤葦京治 フィギュア
ハイキュー!! きゅるみー ミニフィギュア 及川徹
ハイキュー 月島蛍 ぬーどるストッパー フィギュア
ハイキュー!! フィギュア 3個＆プチッとお座りフィギュア　まとめ売り
ハイキュー おねむたん 月島 蛍 フィギュアガチャ
ハイキュー!! すやすやルームライト 影山飛雄 約15cm
ハイキュー 振り向きミニフィギア 影山飛雄 日向翔陽
ハイキュー!!　ハピふぃぎゅっ　vol.1　日向翔陽　影山飛雄　2種セット
ハイキュー!! ぬーどるストッパーフィギュア 月島蛍 中身のみ
ハイキュー！！ぬーどるストッパーフィギュア　月島蛍　3個セット
ハイキュー‼︎ Happyくじ ラストワン 牛島若利 フィギュア セット
ハイキュー　月島蛍　たかが　影山飛雄　ポージングフィギュア
ハイキュー　ぬーどるストッパーフィギュア　月島蛍　ハイキュー!! 2種セット
❣️ハイキュー!! 一番くじ 日向翔陽 フィギュア
ハイキュー 赤葦京治 フィギュア
Happyくじ ハイキュー!! B賞 影山飛雄 フィギュア
ショートヘア,髪パーツ ねんどろいど 宮侑 制服Ver. ハイキュー!! ヘッド
ブルーロック　ととのった〜フィギュア　凪誠士郎①
PalVerse ブルーロック フィギュア アレクシス・ネス
ブルーロック 蜂楽廻 フィギュア 箱なし
ブルーロック ラバーフィギュア JITOT 凪誠士郎
ブルーロック　フィギュア　sweets flavor　糸師凛
ブルーロック　御影玲王　てのひら フィギュア
Qposket プリンセス・ビーナス & ブルーロック セット
ブルーロック フィギュア　3点　未開封 潔世一　凪誠士郎
ブルーロック KUNIGAMI RENSUKE フィギュア
ブルーロック おすわりフィギュア 潔世一
一番くじ　ブルーロック 玲王　フィギュア
ブルーロック ねむらせ隊 糸師凛
ブルーロック 凪誠士郎 肩ズン
【新品未開封】 ブルーロック プチっとすわりマス vol.2 まとめ売り
ブルーロックフィギュア
ブルーロック展 PalVerse 千切豹馬 フィギュア
凪誠士郎　御影玲王　パルバースフィギュア
ブルーロック ブルロ 一番くじ 御影 玲王 フィギュア
ブルーロック　御影玲王フィギュア
Qposket ブルーロック 糸師凛　フィギュア　B
ブルーロック U-20日本代表 フィギュア
ブルーロック　フィギュア①　凪誠士郎
ブルーロック　きゃらっくおでかけフィギュア　ねむらせ隊　糸師凛
お値下げ　ブルーロック展　PalVerse　氷織 羊
即購入⭕️ ブルーロック糸師 凛フィギュア おまけつき
ブルーロック　蜂楽廻　ガチャ　ねむらせ隊　寝起きver
ブルーロック るかっぷ 日本代表戦 御影玲王
PalVerse BLUE LOCK フィギュア 蜂楽廻
【新品未開封】ブルーロック BLUELOCK 糸師冴 フィギュア プライズ
ブルーロック 千切豹馬 フィギュア
ブルーロック フィギュア パルバース
ブルーロック 潔世一 フィギュア
ブルーロック　-sweets flavor- 潔世一　フィギュア
【新品未開封】ブルーロック ねむらせ隊 寝起きver.　潔世一　千切豹馬　セット
【糸師凛】AFORCE×DRAGON HORSE ブルーロック フィギュア
ブルーロック 一番くじ フィギュア 玲王
ブルーロック　るかっぷ　御影玲王　日本代表戦ver. フィギュア
プチっとすわりマス フィギュア 未開封 ブルーロック 4点セット 千切豹馬
ブルーロック　凪誠士郎　フィギュア
ブルーロック 凪誠士郎 フィギュア ブルーロックイレブン 青い監獄 11傑
ブルーロック 凪誠士郎 フィギュア 2体セット
ねんどろいど さぷらいず ブルーロック 凪誠士郎(私服ver.)
ブルーロック　一番くじ　B賞　糸師凛　フィギュア
ブルーロック DAISO 蜂楽 廻 ラバーフィギュア
TVアニメ『ブルーロック』 フィギュア-sweets flavor-潔世一 3個
るかっぷ ブルーロック 千切豹馬 【箱付き】
ブルーロック　千切豹馬　フィギュア　青い監獄　11傑
ブルーロック 凪 フィギュア 約11cm
ブルーロック 土壇場のフィギュア U-20日本代表
パーツ付 ブルーロック 凪 ねんどろいど さぷらいず
ブルーロック潔世一 G.E.M.シリーズ てのひら てのひらフィギュア
ブルーロック　士道龍聖　フィギュア　U-20日本代表　【未開封】
ブルーロック　蜂楽　廻　フィギュア
ブルーロック 凪誠士郎 フィギュア 存在の証明 新品未開封
ブルーロック フィギュア 5体セット
ブルーロック 黒名蘭世 パルバース
ブルーロック ぷちっとすわりマスvol.1 凪誠士郎 御影玲王 セット
潔世一　ねんどろいど　ブルーロック
ブルーロック　フィギュア　潔世一　糸師凜
ブルーロックねんどろいどさぷらいず潔世一セット
ブルーロックフィギュア凪とばちら
ブルーロック 糸師凛 フィギュア プライズ
ブルーロック プライズ フィギュア 凪誠士郎 蜂楽廻 御影玲王
ブルーロック BACHIRA MEGURU フィギュア
ブルーロック展 氷織洋 パルバース PalVerse
BANDAI BLUE LOCK 御影玲王フィギュア
ブルーロック 凪誠士郎
【新品・未開封】ブルーロック　一番くじ　存在の証明　C賞 凪誠士郎フィギュア
ブルーロックQ posket 千切豹馬
パーツ付 ブルーロック 糸師凛 ねんどろいど さぷらいず
BLUELOCK MIKAGE REO フィギュア
ブルーロック きゃらっくおでかけフィギュア 凛・潔セット
一番くじ　ブルーロック　武器を持て破壊者よ　フィギュア　蜂楽廻　御影玲央＋オマケ
ブルーロック展 黒名蘭世 パルバース PalVerse
ブルーロック　ねんどろいど　さぷらいず　潔世一　私服Ver.　パーツ付き
ブルーロック　るかっぷ　糸師凛＆糸師冴　豪華セット　巾着付き
ブルーロック 千切豹馬 フィギュア マスコット ガチャ
ブルーロック フィギュア Qposket 千切豹馬 凪誠士郎 御影玲王
ブルーロック プチっとのりマス フィギュア マスコット 御影玲王　凪誠士郎
ブルーロック　ととのった〜フィギュアsweets flavor 糸師凛　計2点
ブルーロック 蜂楽 廻 フィギュア
一番くじ ブルーロック 夢中の連鎖 ラストワン賞 糸師凛 フィギュア メタリック
【未開封】ブルーロック　sweets flavor フィギュア 11個まとめ売り
ブルーロック 糸師凛 フィギュア
ブルーロック　潔世一　凪誠士郎　肩ズンフィギュア等
TVアニメ「ブルーロック』プチッとすわりマスvol.1 3個セット
ブルーロック 一番くじ 夢中の連鎖 F賞 ちょこのっこフィギュア 未開封
【中古】フィギュア るかっぷ 凪誠士郎 日本代表戦ver. 「ブルーロック」
『ブルーロック』潔世一 & 御影玲王-sweet favor-２個セット
ブルーロック　凪　ころコレ
ブルーロック Qposket フィギュア 6体セット
一番くじ ブルーロック ～day off～C賞　御影玲王　フィギュア
TVアニメブルーロック BLUELOCK 糸師冴 フィギュア　 U-20日本代表
ブルーロック　PalVerse（パルバース） 糸師 凛 フィギュア
ブルーロック　一番くじ　C賞　フィギュア　凪②
TVアニメ ブルーロック フィギュア 糸師凛 凪誠士郎
Qposket ブルーロック 御影玲王 フィギュア
【即購入可】ブルーロック 一番くじ 〜day off〜 凪・玲王
【ブルーロック】フィギュア４体セット
ブルーロック御影玲王フィギュア
僕のヒーローアカデミア アクリルスタンド
僕のヒーローアカデミア 爆豪勝己
僕のヒーローアカデミア 造形Academy vol.6 飯田天哉 フィギュア
僕のヒーローアカデミア ちょこのっこ 爆豪勝己
僕のヒーローアカデミア　轟焦凍
僕のヒーローアカデミア 緑谷出久 フィギュア
ヒロアカ 緑谷出久 THE MOVIE ユアネクストティザービジュアルフィギュア
僕のヒーローアカデミア　ヒロアカ　フィギュア　ちあぴこ みどりやいずく
僕のヒーローアカデミア 緑谷出久 フィギュア
僕のヒーローアカデミア フィギュア 爆豪勝己
ナムコ 僕のヒーローアカデミア ヒロアカ ちみっともぬい ともぬい エンデヴァー
僕のヒーローアカデミア 爆豪勝己 セット
ヒロアカ THE MOVIE ユアネクスト フィギュア 　ジュリオガンディー二
僕のヒーローアカデミア GIGO限定 緑谷出久 爆豪勝己 フィギュア
緑谷出久　フィギュア
新品未開封❗️ 僕のヒーローアカデミア 緑谷出久 ヒーローズミッション
ヒロアカ フィギュア トガ お茶子 Break time collection
ヒロアカ 麗日お茶子 ちょこりんコレクション
僕のヒーローアカデミア　一番くじ　D賞　ホークス　新品未開封
緑谷出久 SMSP B賞
AMAZING HEROES PLUS 緑谷出久 ヒロアカ　フィギュア
僕のヒーローアカデミア　一番くじ　A賞　緑谷出久&壊理　新品未開封
僕のヒーローアカデミア ホークス フィギュア
ヒロアカニャンコ　僕のヒーローアカデミア　オールマイト
僕のヒーローアカデミア 爆豪勝己 フィギュア2体セット
僕のヒーローアカデミア Grandista オールマイトフィギュア
トガヒミコ フィギュア 僕のヒーローアカデミア
ヒロアカ 轟焦凍　フィギュア　S-FIRE
僕のヒーローアカデミア フィギュアセット
僕のヒーローアカデミア 緑谷出久 デク　フィギュア
僕のヒーローアカデミアフィギュア
ころコレ 僕のヒーローアカデミア 緑谷出久
切島鋭児郎- グッズまとめ【僕のヒーローアカデミア】
僕のヒーローアカデミア　フィギュア
僕のヒーローアカデミア　トガヒミコ　フィギュア
ヒロアカ　一番くじ　ジェントル　ラブラバ　フィギュア　匿名配送
僕のヒーローアカデミア IZUKU MIDORIYA - DEKU BLACK
【新品未開封】一番くじ 僕のヒーローアカデミア -連なる星霜- B賞 爆豪勝己他
るかっぷ 僕のヒーローアカデミア 爆豪勝己 完成品フィギュア [メガハウス]
僕のヒーローアカデミア 緑谷出久 足 ガシャポン！コレクション 02靴 最終値下
僕のヒーローアカデミア ころコレ 荼毘 エンデヴァー ヒロアカ
28.【未開封】アーマードオールマイト フィギュア 僕のヒーローアカデミア GiGO限定【併売品】▲
僕のヒーローアカデミア　緑谷出久　フィギュア【今月末処分予定】
僕のヒーローアカデミア キャンバス風ボード 全10種セット＋おまけ
僕のヒーローアカデミア フィギュア4点セットまとめ売り
僕のヒーローアカデミア　MAXIMATIC　爆豪勝己　蛙吹梅雨 フィギュア
ヒロアカ　フィギュアまとめ売り
僕のヒーローアカデミア ミニフィギュア4体セット
僕のヒーローアカデミア　MAXIMATIC 爆豪勝己　轟焦凍 ２体セット
ヒロアカ　未開封フィギュア6体セット
ヒロアカ EVIL VILLAINS DX トガヒミコ IV フィギュア
僕のヒーローアカデミア ヒロアカ ユアネクスト ジュリオ フィギュア
僕のヒーローアカデミア ヒロアカ フィギュア-デク-オーバーレイ
一番くじ 僕のヒーローアカデミア 短期出品
僕のヒーローアカデミア GIGO限定 緑谷出久 爆豪勝己 フィギュア
オールマイト 一番くじ 僕のヒーローアカデミア 意志 C賞 フィギュア
一番くじ　僕のヒーローアカデミア　緑谷出久　フィギュア
僕のヒーローアカデミア 爆豪 緑谷 フィギュアルームライト 2体セット
僕のヒーローアカデミア フィギュア 4体セット
【未開封】造形Academy 僕のヒーローアカデミア オールマイト
僕のヒーローアカデミア 緑谷出久 フィギュア
僕のヒーローアカデミア MASTERLISE A賞緑谷出久
僕のヒーローアカデミア　フィギュア　デク　緑谷出久　MAXIMATIC
僕のヒーローアカデミア フィギュア vol.19
新品！TVアニメ『僕のヒーローアカデミア』 ミニショルダーバック (爆豪勝己)
ヒロアカ　OVERLAY　緑谷出久　フィギュア
ヒロアカ 一番くじ MASTERLISE A賞 緑谷出久
緑谷出久 僕のヒーローアカデミア ヒロアカ フィギュア
僕のヒーローアカデミア AGE OF HEROES 3つセット
僕のヒーローアカデミア ちあぴこ みどりやいずく
僕のヒーローアカデミアフィギュアセット
ヒロアカ 爆豪勝己 フィギュア
僕のヒーローアカデミア ラブラバフィギュア C賞
僕のヒーローアカデミア 緑谷出久 フィギュア　2点セット
僕のヒーローアカデミア GLITTER&GLAMOURS　蛙吹梅雨
ヒロアカ　一番くじ　　ポスター　ラバーコレクション　お茶子　トガ　①
僕のヒーローアカデミア　THE AMAZING HEROES-PLUS-
僕のヒーローアカデミア ちあぴこ みどりやいずく ４個セット
僕のヒーローアカデミア　ヒロアカ ロディ・ソウル　フィギュア
僕のヒーローアカデミア IZUKU MIDORIYA DX
僕のヒーローアカデミア　緑谷出久　黒デク
ヒロアカ　フィギュア　GLITTER&GLAMOURS ミルコ
一番くじ 僕のヒーローアカデミア -紡ぐ力- B賞 爆豪勝己　おまけ付き
僕のヒーローアカデミア 一番くじ　連なる星霜　B賞 爆豪勝己　フィギュア
バンダイ 僕のヒーローアカデミア 緑谷出久 フィギュア
僕のヒーローアカデミア 爆豪勝己 おねむたん フィギュア 缶バッジ
僕のヒーローアカデミア フィギュア 15体セット
ヒロアカ 一番くじ HERO VS VILLAINS 3種セット
僕のヒーローアカデミア　フィギュア　ヒロアカ　轟焦凍　まとめ売り　アメイジング
緑谷出久アクスタ　ヒロアカアクスタ　ヒロアカ一番くじ　ヒロアカフィギュア
Qposket フィギュア トガヒミコ B ヒロアカ
ヒロアカ　轟焦凍　フィギュア
僕のヒーローアカデミア 轟焦凍 一番くじ-連なる星霜-
ヒロアカ　一番くじ　A賞　緑谷出久　フィギュア　未開封
ヒロアカ　一番くじ　ラストワン賞　緑谷出久　爆豪勝己　フィギュア　セット　未開封
僕のヒーローアカデミア 緑谷出久 A賞 フィギュア
KOJI KODA アクリルスタンド 僕のヒーローアカデミア
【未開封】チェンソーマン マキマ フィギュア レッドカラーVer.
ジャンプGIGA 爆豪勝己　ストレイフパンツァー　フィギュア
ヒロアカ　FluffyPuffy　ショートキャット　オチャネコ
チェンソーマン ボムフィギュア 一番くじ　B賞
チェンソーマン　ポチタ　ルームライト
【未開封】チェンソーマン　GLITTER＆GLAMOURS　フィギュア★レゼ
【開封品】チェンソーマンBreak time collection vol.1
チェンソーマン　デンジ　フィギュア
デンジ　チェンソーマン　CHAIN SPRITS フィギュア
チェンソーマンカプセルフィギュアコレクション チェンソーマン ボム フィギュア
チェンソーマン バニーガール フィギュアROUND1限定 2体セット
BiCute Bunnies フィギュア チェンソーマン　コベニ
チェンソーマン Combination Battle デンジ サムライソード
チェンソーマン レゼ篇 Grandistaチェンソーマン ボム
即日発送 劇場版 チェンソーマン レゼ篇 ポチタ ルームライト
チェンソーマン フィギュア バンプレスト(箱付き)
チェンソーマン　プライズ　SEGA SP FIGURINE STATUETTE
【美品・3点セット】フィギュア　チェンソーマン
チェンソーマン　ポチタ　BIGソフビフィギュア
Grandista-チェンソーマン フィギュア
チェンソーマン　Luminasta 〜チェンソーの悪魔〜
ROUND1限定 チェンソーマン コベニ BiCuteBunniesFigure
チェンソーマン マキマ フィギュア ちょこのせ
チェンソーマン 早川アキ フィギュア
コベニ　ラウンドワン限定　チェンソーマン　フィギュア　BiCuteBunnies
チェンソーマン　るかっぷ　パワー（在庫ラスト）
未開封 チェンソーマン 早川アキ Cutiet フィギュア
チェンソーマン Break time collection パワー&ニャーコ
Desktop×DecorateCollections フィギュア コベニ
チェンソーマン 早川アキ 1/7スケール フィギュア Myethos
【新品】S.H.フィギュアーツ チェンソーマン 早川アキ
劇場版『チェンソーマン レゼ篇』 GLITTER&GLAMOURS -REZE-
劇場版 チェンソーマン レゼ篇 ワールドコレクタブルフィギュア vol.1 レゼ
新品　未開封　チェンソーマン Aerial パワーフィギュア　4個セット
レゼ＆チェンソーマン ガチャガチャ　おねむたん　劇場版 チェンソーマン レゼ篇
チェンソーマン　フィギュア　ブレイクタイムコレクション　デンジ　ポチタ
劇場版 チェンソーマン　ワーコレ　レゼ　マキマ　フィギュア
チェンソーマン おねむたん　レゼ篇 全5種セット　コンプリート　ビーム✖️3
チェンソーマン ラバーマスコット Vol.1 デンジ 東山コベニ 2個セット
チェンソーマン Aerial フィギュア パワー
チェンソーマン　フィギュア　デンジ　パワー
チェンソーマン 早川アキ フィギュア
ラウワン限定 チェンソーマン コベニ BiCuteBunniesFigure
チェンソーマン フィギュア まとめ売り
【未開封新品】チェンソーマン コベニ フィギュア
チェンソーマン　BiCute Bunnies Figure コベニ　パワー
おねむたん チェンソーマン レゼ篇 レゼ トイカプセル ガチャ
数量限定　レゴ互換　チェンソーマン デンジ デビルハンター デンジ Denji
チェンソーマン 劇場版 レゼ篇　レゼ　チェンソーマン レゼ篇 プラザ
チェンソーマン レゼ カプセルフィギュアコレクション つまんでつなげてマスコット
新品未開封品　チェンソーマン ぬーどるストッパーフィギュア　マキマフィギュア
劇場版「チェンソーマン　レゼ篇」VIBRATIONSTARS〜天使の悪魔〜
チェンソーマン レゼ ボム おねむたん
プラス特典付♪ 劇場版 チェンソーマン レゼ アクリルスタンド プレート
チェンソーマン ワーコレレゼ編 マキマ　天使の悪魔2点セット
ヒロアカ 緑谷出久 ちょこりんコレクション
Grandista チェンソーマン ボム セット レゼ フィギュア
TVアニメ『チェンソーマン』サムライソード『薬屋のひとりごと』“猫猫”月精Ver
チェンソーマン レゼ篇 VIBRATION STARS 早川アキ
チェンソーマン ポチタルームライト＆ぬいぐるみ ワーコレ　レゼ　＆　天使の悪魔
チェンソーマン キーホルダー ぶらぶらチェーン キーホルダー
チェンソーマン 座るチェンソーマン フィギュア キタンクラブ 完売品
チェンソーマン　ポチタ　SOFVIMATES フィギュア
一番くじ チェンソーマン レゼ篇 B賞 ボム フィギュア
【新品】チェンソーマン パワー HereDitail メイドVer. 2体
チェンソーマン ポチタフィギュア ぬいぐるみ 2点セット
つながリングチャーム 劇場版 チェンソーマン レゼ篇 ポチタ ガチャ ③
チェンソーマン レゼ篇 ワールドコレクタブルフィギュアvol.1 マキマ
チェンソーマン　ちょこのせプレミアムフィギュア　アキ　デンジ　パワー　　マキマ
チェンソーマン　ねんどろいど　デンジ　パワー
チェンソーマン VIBRATION STARS ポチタルームライト
チェンソーマン　 Break time collection フィギュア　4種
ラウンドワン限定‼️コベニ チェンソーマンシリーズ フィギュア1体
チェンソーマン ミニ フィギュア スタン ドガチャ
チェンソーマン マキマ フィギュア 2個セット
チェンソーマン Qposket フィギュア 4種セット
チェンソーマン ファンコポップ フィギュア
チェンソーマン フィギュア
チェンソーマン　デンジフィギュア2体セット
チェンソーマン ガチャガチャ レゼ カプセルフィギュアコレクション
チェンソーマン フィギュアーツゼロ　figuartsZERO 超メルカリ市の特価
チェンソーマン ワールドコレクタブル フィギュア 全種類セット
【新品未開封】チェンソーマン フィギュア4点セット
GIGO限定　チェンソーマン パワー メイドVer.
おねむたん　劇場版チェンソーマン　レゼ篇　チェンソーマン
ねんどろいどチェンソーマン　デンジ
チェンソーマン　ぴょんコレ　早川アキ・マキマ 　アクキー　◾︎新品未開封品◾︎
デンジ⭐︎チェンソーマン⭐︎フィギュア　Qポスケット
チェンソーマン　まとめ売り
チェンソーマン 早川アキ
チェンソーマン ワールドコレクタブルフィギュア　レゼ
チェンソーマン 一番くじ ボム フィギュア +アクリルボード
チェンソーマン　ワーコレ　応募者全員サービス マキマ　フィギュア
【即購入⭕️】チェンソーマン ぬいぐるみ まとめ売り 13点
チェンソーマン　フィギュア　マスコット　ラバーマスコット
チェンソーマン　ぺたっとおすわりフィギュア　デンジ　パワー　早川アキ　マキマ
チェンソーマン　フィギュア　３体セット✨
チェンソーマン フィギュア 5体セット
Grandista チェンソーマン フィギュア　新品未開封
チェンソーマン　レゼ篇　VIBRATION　天使の悪魔　フィギュア
東京リベンジャーズ Qposket フィギュア 3体セット
チェンソーマン　パワー　フィギュア　VIBRATION STARS POWER
チェンソーマン　おねむたん　チェンソーマン2 ビーム
